{"/Users/sarvadhisolution/Desktop/React-native/sarvadhi-community/app/_layout.tsx": {"path":"/Users/sarvadhisolution/Desktop/React-native/sarvadhi-community/app/_layout.tsx","statementMap":{"0":{"start":{"line":12,"column":41},"end":{"line":12,"column":55}},"1":{"start":{"line":13,"column":19},"end":{"line":13,"column":32}},"2":{"start":{"line":14,"column":17},"end":{"line":14,"column":28}},"3":{"start":{"line":16,"column":2},"end":{"line":31,"column":45}},"4":{"start":{"line":18,"column":4},"end":{"line":18,"column":26}},"5":{"start":{"line":18,"column":19},"end":{"line":18,"column":26}},"6":{"start":{"line":21,"column":24},"end":{"line":21,"column":48}},"7":{"start":{"line":22,"column":24},"end":{"line":22,"column":48}},"8":{"start":{"line":24,"column":4},"end":{"line":30,"column":5}},"9":{"start":{"line":26,"column":6},"end":{"line":26,"column":38}},"10":{"start":{"line":27,"column":11},"end":{"line":30,"column":5}},"11":{"start":{"line":29,"column":6},"end":{"line":29,"column":41}},"12":{"start":{"line":33,"column":2},"end":{"line":39,"column":4}}},"fnMap":{"0":{"name":"RootLayout","decl":{"start":{"line":11,"column":24},"end":{"line":11,"column":34}},"loc":{"start":{"line":11,"column":37},"end":{"line":40,"column":1}},"line":11},"1":{"name":"(anonymous_1)","decl":{"start":{"line":16,"column":12},"end":{"line":16,"column":13}},"loc":{"start":{"line":16,"column":18},"end":{"line":31,"column":3}},"line":16}},"branchMap":{"0":{"loc":{"start":{"line":18,"column":4},"end":{"line":18,"column":26}},"type":"if","locations":[{"start":{"line":18,"column":4},"end":{"line":18,"column":26}},{"start":{},"end":{}}],"line":18},"1":{"loc":{"start":{"line":24,"column":4},"end":{"line":30,"column":5}},"type":"if","locations":[{"start":{"line":24,"column":4},"end":{"line":30,"column":5}},{"start":{"line":27,"column":11},"end":{"line":30,"column":5}}],"line":24},"2":{"loc":{"start":{"line":24,"column":8},"end":{"line":24,"column":40}},"type":"binary-expr","locations":[{"start":{"line":24,"column":8},"end":{"line":24,"column":24}},{"start":{"line":24,"column":28},"end":{"line":24,"column":40}}],"line":24},"3":{"loc":{"start":{"line":27,"column":11},"end":{"line":30,"column":5}},"type":"if","locations":[{"start":{"line":27,"column":11},"end":{"line":30,"column":5}},{"start":{},"end":{}}],"line":27},"4":{"loc":{"start":{"line":27,"column":15},"end":{"line":27,"column":45}},"type":"binary-expr","locations":[{"start":{"line":27,"column":15},"end":{"line":27,"column":30}},{"start":{"line":27,"column":34},"end":{"line":27,"column":45}}],"line":27}},"s":{"0":0,"1":0,"2":0,"3":0,"4":0,"5":0,"6":0,"7":0,"8":0,"9":0,"10":0,"11":0,"12":0},"f":{"0":0,"1":0},"b":{"0":[0,0],"1":[0,0],"2":[0,0],"3":[0,0],"4":[0,0]}}
,"/Users/sarvadhisolution/Desktop/React-native/sarvadhi-community/app/index.tsx": {"path":"/Users/sarvadhisolution/Desktop/React-native/sarvadhi-community/app/index.tsx","statementMap":{"0":{"start":{"line":22,"column":57},"end":{"line":22,"column":71}},"1":{"start":{"line":24,"column":2},"end":{"line":28,"column":9}},"2":{"start":{"line":27,"column":4},"end":{"line":27,"column":21}},"3":{"start":{"line":32,"column":2},"end":{"line":34,"column":3}},"4":{"start":{"line":33,"column":4},"end":{"line":33,"column":29}},"5":{"start":{"line":37,"column":2},"end":{"line":39,"column":3}},"6":{"start":{"line":38,"column":4},"end":{"line":38,"column":48}},"7":{"start":{"line":41,"column":2},"end":{"line":41,"column":43}}},"fnMap":{"0":{"name":"Index","decl":{"start":{"line":21,"column":24},"end":{"line":21,"column":29}},"loc":{"start":{"line":21,"column":32},"end":{"line":42,"column":1}},"line":21},"1":{"name":"(anonymous_1)","decl":{"start":{"line":24,"column":12},"end":{"line":24,"column":13}},"loc":{"start":{"line":24,"column":18},"end":{"line":28,"column":3}},"line":24}},"branchMap":{"0":{"loc":{"start":{"line":32,"column":2},"end":{"line":34,"column":3}},"type":"if","locations":[{"start":{"line":32,"column":2},"end":{"line":34,"column":3}},{"start":{},"end":{}}],"line":32},"1":{"loc":{"start":{"line":37,"column":2},"end":{"line":39,"column":3}},"type":"if","locations":[{"start":{"line":37,"column":2},"end":{"line":39,"column":3}},{"start":{},"end":{}}],"line":37}},"s":{"0":0,"1":0,"2":0,"3":0,"4":0,"5":0,"6":0,"7":0},"f":{"0":0,"1":0},"b":{"0":[0,0],"1":[0,0]}}
,"/Users/sarvadhisolution/Desktop/React-native/sarvadhi-community/app/(auth)/_layout.tsx": {"path":"/Users/sarvadhisolution/Desktop/React-native/sarvadhi-community/app/(auth)/_layout.tsx","statementMap":{"0":{"start":{"line":4,"column":2},"end":{"line":15,"column":4}}},"fnMap":{"0":{"name":"AuthLayout","decl":{"start":{"line":3,"column":24},"end":{"line":3,"column":34}},"loc":{"start":{"line":3,"column":37},"end":{"line":16,"column":1}},"line":3}},"branchMap":{},"s":{"0":0},"f":{"0":0},"b":{}}
,"/Users/sarvadhisolution/Desktop/React-native/sarvadhi-community/app/(auth)/login.tsx": {"path":"/Users/sarvadhisolution/Desktop/React-native/sarvadhi-community/app/(auth)/login.tsx","statementMap":{"0":{"start":{"line":30,"column":81},"end":{"line":30,"column":95}},"1":{"start":{"line":33,"column":28},"end":{"line":33,"column":40}},"2":{"start":{"line":34,"column":34},"end":{"line":34,"column":46}},"3":{"start":{"line":35,"column":36},"end":{"line":35,"column":51}},"4":{"start":{"line":36,"column":48},"end":{"line":36,"column":60}},"5":{"start":{"line":39,"column":23},"end":{"line":63,"column":3}},"6":{"start":{"line":40,"column":4},"end":{"line":40,"column":27}},"7":{"start":{"line":42,"column":4},"end":{"line":45,"column":5}},"8":{"start":{"line":43,"column":6},"end":{"line":43,"column":46}},"9":{"start":{"line":44,"column":6},"end":{"line":44,"column":19}},"10":{"start":{"line":47,"column":4},"end":{"line":50,"column":5}},"11":{"start":{"line":48,"column":6},"end":{"line":48,"column":55}},"12":{"start":{"line":49,"column":6},"end":{"line":49,"column":19}},"13":{"start":{"line":52,"column":4},"end":{"line":55,"column":5}},"14":{"start":{"line":53,"column":6},"end":{"line":53,"column":49}},"15":{"start":{"line":54,"column":6},"end":{"line":54,"column":19}},"16":{"start":{"line":57,"column":4},"end":{"line":60,"column":5}},"17":{"start":{"line":58,"column":6},"end":{"line":58,"column":67}},"18":{"start":{"line":59,"column":6},"end":{"line":59,"column":19}},"19":{"start":{"line":62,"column":4},"end":{"line":62,"column":16}},"20":{"start":{"line":66,"column":22},"end":{"line":87,"column":3}},"21":{"start":{"line":67,"column":4},"end":{"line":67,"column":32}},"22":{"start":{"line":67,"column":25},"end":{"line":67,"column":32}},"23":{"start":{"line":69,"column":4},"end":{"line":86,"column":5}},"24":{"start":{"line":70,"column":6},"end":{"line":70,"column":25}},"25":{"start":{"line":71,"column":6},"end":{"line":71,"column":19}},"26":{"start":{"line":73,"column":6},"end":{"line":73,"column":42}},"27":{"start":{"line":80,"column":27},"end":{"line":82,"column":72}},"28":{"start":{"line":83,"column":6},"end":{"line":83,"column":48}},"29":{"start":{"line":85,"column":6},"end":{"line":85,"column":26}},"30":{"start":{"line":90,"column":28},"end":{"line":111,"column":3}},"31":{"start":{"line":91,"column":4},"end":{"line":110,"column":5}},"32":{"start":{"line":92,"column":6},"end":{"line":92,"column":25}},"33":{"start":{"line":93,"column":6},"end":{"line":93,"column":19}},"34":{"start":{"line":97,"column":6},"end":{"line":100,"column":8}},"35":{"start":{"line":107,"column":6},"end":{"line":107,"column":90}},"36":{"start":{"line":109,"column":6},"end":{"line":109,"column":26}},"37":{"start":{"line":113,"column":27},"end":{"line":113,"column":52}},"38":{"start":{"line":115,"column":2},"end":{"line":219,"column":4}},"39":{"start":{"line":148,"column":16},"end":{"line":148,"column":31}},"40":{"start":{"line":149,"column":16},"end":{"line":149,"column":39}},"41":{"start":{"line":150,"column":16},"end":{"line":150,"column":29}},"42":{"start":{"line":167,"column":16},"end":{"line":167,"column":34}},"43":{"start":{"line":168,"column":16},"end":{"line":168,"column":39}},"44":{"start":{"line":169,"column":16},"end":{"line":169,"column":29}},"45":{"start":{"line":222,"column":15},"end":{"line":333,"column":2}}},"fnMap":{"0":{"name":"LoginScreen","decl":{"start":{"line":29,"column":24},"end":{"line":29,"column":35}},"loc":{"start":{"line":29,"column":38},"end":{"line":220,"column":1}},"line":29},"1":{"name":"(anonymous_1)","decl":{"start":{"line":39,"column":23},"end":{"line":39,"column":24}},"loc":{"start":{"line":39,"column":38},"end":{"line":63,"column":3}},"line":39},"2":{"name":"(anonymous_2)","decl":{"start":{"line":66,"column":22},"end":{"line":66,"column":23}},"loc":{"start":{"line":66,"column":34},"end":{"line":87,"column":3}},"line":66},"3":{"name":"(anonymous_3)","decl":{"start":{"line":90,"column":28},"end":{"line":90,"column":29}},"loc":{"start":{"line":90,"column":40},"end":{"line":111,"column":3}},"line":90},"4":{"name":"(anonymous_4)","decl":{"start":{"line":147,"column":28},"end":{"line":147,"column":29}},"loc":{"start":{"line":147,"column":38},"end":{"line":151,"column":15}},"line":147},"5":{"name":"(anonymous_5)","decl":{"start":{"line":166,"column":28},"end":{"line":166,"column":29}},"loc":{"start":{"line":166,"column":38},"end":{"line":170,"column":15}},"line":166}},"branchMap":{"0":{"loc":{"start":{"line":42,"column":4},"end":{"line":45,"column":5}},"type":"if","locations":[{"start":{"line":42,"column":4},"end":{"line":45,"column":5}},{"start":{},"end":{}}],"line":42},"1":{"loc":{"start":{"line":47,"column":4},"end":{"line":50,"column":5}},"type":"if","locations":[{"start":{"line":47,"column":4},"end":{"line":50,"column":5}},{"start":{},"end":{}}],"line":47},"2":{"loc":{"start":{"line":52,"column":4},"end":{"line":55,"column":5}},"type":"if","locations":[{"start":{"line":52,"column":4},"end":{"line":55,"column":5}},{"start":{},"end":{}}],"line":52},"3":{"loc":{"start":{"line":57,"column":4},"end":{"line":60,"column":5}},"type":"if","locations":[{"start":{"line":57,"column":4},"end":{"line":60,"column":5}},{"start":{},"end":{}}],"line":57},"4":{"loc":{"start":{"line":67,"column":4},"end":{"line":67,"column":32}},"type":"if","locations":[{"start":{"line":67,"column":4},"end":{"line":67,"column":32}},{"start":{},"end":{}}],"line":67},"5":{"loc":{"start":{"line":80,"column":27},"end":{"line":82,"column":72}},"type":"binary-expr","locations":[{"start":{"line":80,"column":27},"end":{"line":80,"column":55}},{"start":{"line":81,"column":26},"end":{"line":81,"column":38}},{"start":{"line":82,"column":26},"end":{"line":82,"column":72}}],"line":80},"6":{"loc":{"start":{"line":107,"column":41},"end":{"line":107,"column":88}},"type":"binary-expr","locations":[{"start":{"line":107,"column":41},"end":{"line":107,"column":53}},{"start":{"line":107,"column":57},"end":{"line":107,"column":88}}],"line":107},"7":{"loc":{"start":{"line":113,"column":27},"end":{"line":113,"column":52}},"type":"binary-expr","locations":[{"start":{"line":113,"column":27},"end":{"line":113,"column":36}},{"start":{"line":113,"column":40},"end":{"line":113,"column":52}}],"line":113},"8":{"loc":{"start":{"line":118,"column":16},"end":{"line":118,"column":60}},"type":"cond-expr","locations":[{"start":{"line":118,"column":40},"end":{"line":118,"column":49}},{"start":{"line":118,"column":52},"end":{"line":118,"column":60}}],"line":118},"9":{"loc":{"start":{"line":132,"column":11},"end":{"line":138,"column":11}},"type":"binary-expr","locations":[{"start":{"line":132,"column":12},"end":{"line":132,"column":17}},{"start":{"line":132,"column":21},"end":{"line":132,"column":36}},{"start":{"line":133,"column":12},"end":{"line":137,"column":19}}],"line":132},"10":{"loc":{"start":{"line":135,"column":17},"end":{"line":135,"column":41}},"type":"binary-expr","locations":[{"start":{"line":135,"column":17},"end":{"line":135,"column":32}},{"start":{"line":135,"column":36},"end":{"line":135,"column":41}}],"line":135},"11":{"loc":{"start":{"line":180,"column":57},"end":{"line":180,"column":98}},"type":"binary-expr","locations":[{"start":{"line":180,"column":57},"end":{"line":180,"column":73}},{"start":{"line":180,"column":77},"end":{"line":180,"column":98}}],"line":180},"12":{"loc":{"start":{"line":184,"column":13},"end":{"line":188,"column":13}},"type":"cond-expr","locations":[{"start":{"line":185,"column":14},"end":{"line":185,"column":51}},{"start":{"line":187,"column":14},"end":{"line":187,"column":60}}],"line":184},"13":{"loc":{"start":{"line":200,"column":56},"end":{"line":200,"column":97}},"type":"binary-expr","locations":[{"start":{"line":200,"column":56},"end":{"line":200,"column":72}},{"start":{"line":200,"column":76},"end":{"line":200,"column":97}}],"line":200}},"s":{"0":0,"1":0,"2":0,"3":0,"4":0,"5":0,"6":0,"7":0,"8":0,"9":0,"10":0,"11":0,"12":0,"13":0,"14":0,"15":0,"16":0,"17":0,"18":0,"19":0,"20":0,"21":0,"22":0,"23":0,"24":0,"25":0,"26":0,"27":0,"28":0,"29":0,"30":0,"31":0,"32":0,"33":0,"34":0,"35":0,"36":0,"37":0,"38":0,"39":0,"40":0,"41":0,"42":0,"43":0,"44":0,"45":0},"f":{"0":0,"1":0,"2":0,"3":0,"4":0,"5":0},"b":{"0":[0,0],"1":[0,0],"2":[0,0],"3":[0,0],"4":[0,0],"5":[0,0,0],"6":[0,0],"7":[0,0],"8":[0,0],"9":[0,0,0],"10":[0,0],"11":[0,0],"12":[0,0],"13":[0,0]}}
,"/Users/sarvadhisolution/Desktop/React-native/sarvadhi-community/app/(auth)/register.tsx": {"path":"/Users/sarvadhisolution/Desktop/React-native/sarvadhi-community/app/(auth)/register.tsx","statementMap":{"0":{"start":{"line":30,"column":84},"end":{"line":30,"column":98}},"1":{"start":{"line":33,"column":34},"end":{"line":33,"column":46}},"2":{"start":{"line":34,"column":28},"end":{"line":34,"column":40}},"3":{"start":{"line":35,"column":34},"end":{"line":35,"column":46}},"4":{"start":{"line":36,"column":48},"end":{"line":36,"column":60}},"5":{"start":{"line":37,"column":36},"end":{"line":37,"column":51}},"6":{"start":{"line":38,"column":48},"end":{"line":38,"column":60}},"7":{"start":{"line":41,"column":23},"end":{"line":80,"column":3}},"8":{"start":{"line":42,"column":4},"end":{"line":42,"column":27}},"9":{"start":{"line":44,"column":4},"end":{"line":47,"column":5}},"10":{"start":{"line":45,"column":6},"end":{"line":45,"column":50}},"11":{"start":{"line":46,"column":6},"end":{"line":46,"column":19}},"12":{"start":{"line":49,"column":4},"end":{"line":52,"column":5}},"13":{"start":{"line":50,"column":6},"end":{"line":50,"column":68}},"14":{"start":{"line":51,"column":6},"end":{"line":51,"column":19}},"15":{"start":{"line":54,"column":4},"end":{"line":57,"column":5}},"16":{"start":{"line":55,"column":6},"end":{"line":55,"column":46}},"17":{"start":{"line":56,"column":6},"end":{"line":56,"column":19}},"18":{"start":{"line":59,"column":4},"end":{"line":62,"column":5}},"19":{"start":{"line":60,"column":6},"end":{"line":60,"column":55}},"20":{"start":{"line":61,"column":6},"end":{"line":61,"column":19}},"21":{"start":{"line":64,"column":4},"end":{"line":67,"column":5}},"22":{"start":{"line":65,"column":6},"end":{"line":65,"column":49}},"23":{"start":{"line":66,"column":6},"end":{"line":66,"column":19}},"24":{"start":{"line":69,"column":4},"end":{"line":72,"column":5}},"25":{"start":{"line":70,"column":6},"end":{"line":70,"column":67}},"26":{"start":{"line":71,"column":6},"end":{"line":71,"column":19}},"27":{"start":{"line":74,"column":4},"end":{"line":77,"column":5}},"28":{"start":{"line":75,"column":6},"end":{"line":75,"column":51}},"29":{"start":{"line":76,"column":6},"end":{"line":76,"column":19}},"30":{"start":{"line":79,"column":4},"end":{"line":79,"column":16}},"31":{"start":{"line":83,"column":25},"end":{"line":104,"column":3}},"32":{"start":{"line":84,"column":4},"end":{"line":84,"column":32}},"33":{"start":{"line":84,"column":25},"end":{"line":84,"column":32}},"34":{"start":{"line":86,"column":4},"end":{"line":103,"column":5}},"35":{"start":{"line":87,"column":6},"end":{"line":87,"column":25}},"36":{"start":{"line":88,"column":6},"end":{"line":88,"column":19}},"37":{"start":{"line":90,"column":6},"end":{"line":90,"column":62}},"38":{"start":{"line":97,"column":27},"end":{"line":99,"column":66}},"39":{"start":{"line":100,"column":6},"end":{"line":100,"column":55}},"40":{"start":{"line":102,"column":6},"end":{"line":102,"column":26}},"41":{"start":{"line":107,"column":31},"end":{"line":128,"column":3}},"42":{"start":{"line":108,"column":4},"end":{"line":127,"column":5}},"43":{"start":{"line":109,"column":6},"end":{"line":109,"column":25}},"44":{"start":{"line":110,"column":6},"end":{"line":110,"column":19}},"45":{"start":{"line":114,"column":6},"end":{"line":117,"column":8}},"46":{"start":{"line":124,"column":6},"end":{"line":124,"column":92}},"47":{"start":{"line":126,"column":6},"end":{"line":126,"column":26}},"48":{"start":{"line":130,"column":27},"end":{"line":130,"column":52}},"49":{"start":{"line":132,"column":2},"end":{"line":273,"column":4}},"50":{"start":{"line":165,"column":16},"end":{"line":165,"column":34}},"51":{"start":{"line":166,"column":16},"end":{"line":166,"column":39}},"52":{"start":{"line":167,"column":16},"end":{"line":167,"column":29}},"53":{"start":{"line":183,"column":16},"end":{"line":183,"column":31}},"54":{"start":{"line":184,"column":16},"end":{"line":184,"column":39}},"55":{"start":{"line":185,"column":16},"end":{"line":185,"column":29}},"56":{"start":{"line":202,"column":16},"end":{"line":202,"column":34}},"57":{"start":{"line":203,"column":16},"end":{"line":203,"column":39}},"58":{"start":{"line":204,"column":16},"end":{"line":204,"column":29}},"59":{"start":{"line":221,"column":16},"end":{"line":221,"column":41}},"60":{"start":{"line":222,"column":16},"end":{"line":222,"column":39}},"61":{"start":{"line":223,"column":16},"end":{"line":223,"column":29}},"62":{"start":{"line":276,"column":15},"end":{"line":387,"column":2}}},"fnMap":{"0":{"name":"RegisterScreen","decl":{"start":{"line":29,"column":24},"end":{"line":29,"column":38}},"loc":{"start":{"line":29,"column":41},"end":{"line":274,"column":1}},"line":29},"1":{"name":"(anonymous_1)","decl":{"start":{"line":41,"column":23},"end":{"line":41,"column":24}},"loc":{"start":{"line":41,"column":38},"end":{"line":80,"column":3}},"line":41},"2":{"name":"(anonymous_2)","decl":{"start":{"line":83,"column":25},"end":{"line":83,"column":26}},"loc":{"start":{"line":83,"column":37},"end":{"line":104,"column":3}},"line":83},"3":{"name":"(anonymous_3)","decl":{"start":{"line":107,"column":31},"end":{"line":107,"column":32}},"loc":{"start":{"line":107,"column":43},"end":{"line":128,"column":3}},"line":107},"4":{"name":"(anonymous_4)","decl":{"start":{"line":164,"column":28},"end":{"line":164,"column":29}},"loc":{"start":{"line":164,"column":38},"end":{"line":168,"column":15}},"line":164},"5":{"name":"(anonymous_5)","decl":{"start":{"line":182,"column":28},"end":{"line":182,"column":29}},"loc":{"start":{"line":182,"column":38},"end":{"line":186,"column":15}},"line":182},"6":{"name":"(anonymous_6)","decl":{"start":{"line":201,"column":28},"end":{"line":201,"column":29}},"loc":{"start":{"line":201,"column":38},"end":{"line":205,"column":15}},"line":201},"7":{"name":"(anonymous_7)","decl":{"start":{"line":220,"column":28},"end":{"line":220,"column":29}},"loc":{"start":{"line":220,"column":38},"end":{"line":224,"column":15}},"line":220}},"branchMap":{"0":{"loc":{"start":{"line":44,"column":4},"end":{"line":47,"column":5}},"type":"if","locations":[{"start":{"line":44,"column":4},"end":{"line":47,"column":5}},{"start":{},"end":{}}],"line":44},"1":{"loc":{"start":{"line":49,"column":4},"end":{"line":52,"column":5}},"type":"if","locations":[{"start":{"line":49,"column":4},"end":{"line":52,"column":5}},{"start":{},"end":{}}],"line":49},"2":{"loc":{"start":{"line":54,"column":4},"end":{"line":57,"column":5}},"type":"if","locations":[{"start":{"line":54,"column":4},"end":{"line":57,"column":5}},{"start":{},"end":{}}],"line":54},"3":{"loc":{"start":{"line":59,"column":4},"end":{"line":62,"column":5}},"type":"if","locations":[{"start":{"line":59,"column":4},"end":{"line":62,"column":5}},{"start":{},"end":{}}],"line":59},"4":{"loc":{"start":{"line":64,"column":4},"end":{"line":67,"column":5}},"type":"if","locations":[{"start":{"line":64,"column":4},"end":{"line":67,"column":5}},{"start":{},"end":{}}],"line":64},"5":{"loc":{"start":{"line":69,"column":4},"end":{"line":72,"column":5}},"type":"if","locations":[{"start":{"line":69,"column":4},"end":{"line":72,"column":5}},{"start":{},"end":{}}],"line":69},"6":{"loc":{"start":{"line":74,"column":4},"end":{"line":77,"column":5}},"type":"if","locations":[{"start":{"line":74,"column":4},"end":{"line":77,"column":5}},{"start":{},"end":{}}],"line":74},"7":{"loc":{"start":{"line":84,"column":4},"end":{"line":84,"column":32}},"type":"if","locations":[{"start":{"line":84,"column":4},"end":{"line":84,"column":32}},{"start":{},"end":{}}],"line":84},"8":{"loc":{"start":{"line":97,"column":27},"end":{"line":99,"column":66}},"type":"binary-expr","locations":[{"start":{"line":97,"column":27},"end":{"line":97,"column":55}},{"start":{"line":98,"column":26},"end":{"line":98,"column":38}},{"start":{"line":99,"column":26},"end":{"line":99,"column":66}}],"line":97},"9":{"loc":{"start":{"line":124,"column":43},"end":{"line":124,"column":90}},"type":"binary-expr","locations":[{"start":{"line":124,"column":43},"end":{"line":124,"column":55}},{"start":{"line":124,"column":59},"end":{"line":124,"column":90}}],"line":124},"10":{"loc":{"start":{"line":130,"column":27},"end":{"line":130,"column":52}},"type":"binary-expr","locations":[{"start":{"line":130,"column":27},"end":{"line":130,"column":36}},{"start":{"line":130,"column":40},"end":{"line":130,"column":52}}],"line":130},"11":{"loc":{"start":{"line":135,"column":16},"end":{"line":135,"column":60}},"type":"cond-expr","locations":[{"start":{"line":135,"column":40},"end":{"line":135,"column":49}},{"start":{"line":135,"column":52},"end":{"line":135,"column":60}}],"line":135},"12":{"loc":{"start":{"line":149,"column":11},"end":{"line":155,"column":11}},"type":"binary-expr","locations":[{"start":{"line":149,"column":12},"end":{"line":149,"column":17}},{"start":{"line":149,"column":21},"end":{"line":149,"column":36}},{"start":{"line":150,"column":12},"end":{"line":154,"column":19}}],"line":149},"13":{"loc":{"start":{"line":152,"column":17},"end":{"line":152,"column":41}},"type":"binary-expr","locations":[{"start":{"line":152,"column":17},"end":{"line":152,"column":32}},{"start":{"line":152,"column":36},"end":{"line":152,"column":41}}],"line":152},"14":{"loc":{"start":{"line":234,"column":57},"end":{"line":234,"column":98}},"type":"binary-expr","locations":[{"start":{"line":234,"column":57},"end":{"line":234,"column":73}},{"start":{"line":234,"column":77},"end":{"line":234,"column":98}}],"line":234},"15":{"loc":{"start":{"line":238,"column":13},"end":{"line":242,"column":13}},"type":"cond-expr","locations":[{"start":{"line":239,"column":14},"end":{"line":239,"column":51}},{"start":{"line":241,"column":14},"end":{"line":241,"column":67}}],"line":238},"16":{"loc":{"start":{"line":254,"column":56},"end":{"line":254,"column":97}},"type":"binary-expr","locations":[{"start":{"line":254,"column":56},"end":{"line":254,"column":72}},{"start":{"line":254,"column":76},"end":{"line":254,"column":97}}],"line":254}},"s":{"0":0,"1":0,"2":0,"3":0,"4":0,"5":0,"6":0,"7":0,"8":0,"9":0,"10":0,"11":0,"12":0,"13":0,"14":0,"15":0,"16":0,"17":0,"18":0,"19":0,"20":0,"21":0,"22":0,"23":0,"24":0,"25":0,"26":0,"27":0,"28":0,"29":0,"30":0,"31":0,"32":0,"33":0,"34":0,"35":0,"36":0,"37":0,"38":0,"39":0,"40":0,"41":0,"42":0,"43":0,"44":0,"45":0,"46":0,"47":0,"48":0,"49":0,"50":0,"51":0,"52":0,"53":0,"54":0,"55":0,"56":0,"57":0,"58":0,"59":0,"60":0,"61":0,"62":0},"f":{"0":0,"1":0,"2":0,"3":0,"4":0,"5":0,"6":0,"7":0},"b":{"0":[0,0],"1":[0,0],"2":[0,0],"3":[0,0],"4":[0,0],"5":[0,0],"6":[0,0],"7":[0,0],"8":[0,0,0],"9":[0,0],"10":[0,0],"11":[0,0],"12":[0,0,0],"13":[0,0],"14":[0,0],"15":[0,0],"16":[0,0]}}
,"/Users/sarvadhisolution/Desktop/React-native/sarvadhi-community/app/(tabs)/_layout.tsx": {"path":"/Users/sarvadhisolution/Desktop/React-native/sarvadhi-community/app/(tabs)/_layout.tsx","statementMap":{"0":{"start":{"line":5,"column":2},"end":{"line":62,"column":4}},"1":{"start":{"line":17,"column":12},"end":{"line":17,"column":77}},"2":{"start":{"line":27,"column":12},"end":{"line":27,"column":72}},"3":{"start":{"line":37,"column":12},"end":{"line":37,"column":70}},"4":{"start":{"line":47,"column":12},"end":{"line":47,"column":79}},"5":{"start":{"line":57,"column":12},"end":{"line":57,"column":72}}},"fnMap":{"0":{"name":"TabLayout","decl":{"start":{"line":4,"column":24},"end":{"line":4,"column":33}},"loc":{"start":{"line":4,"column":36},"end":{"line":63,"column":1}},"line":4},"1":{"name":"(anonymous_1)","decl":{"start":{"line":16,"column":22},"end":{"line":16,"column":23}},"loc":{"start":{"line":17,"column":12},"end":{"line":17,"column":77}},"line":17},"2":{"name":"(anonymous_2)","decl":{"start":{"line":26,"column":22},"end":{"line":26,"column":23}},"loc":{"start":{"line":27,"column":12},"end":{"line":27,"column":72}},"line":27},"3":{"name":"(anonymous_3)","decl":{"start":{"line":36,"column":22},"end":{"line":36,"column":23}},"loc":{"start":{"line":37,"column":12},"end":{"line":37,"column":70}},"line":37},"4":{"name":"(anonymous_4)","decl":{"start":{"line":46,"column":22},"end":{"line":46,"column":23}},"loc":{"start":{"line":47,"column":12},"end":{"line":47,"column":79}},"line":47},"5":{"name":"(anonymous_5)","decl":{"start":{"line":56,"column":22},"end":{"line":56,"column":23}},"loc":{"start":{"line":57,"column":12},"end":{"line":57,"column":72}},"line":57}},"branchMap":{},"s":{"0":0,"1":0,"2":0,"3":0,"4":0,"5":0},"f":{"0":0,"1":0,"2":0,"3":0,"4":0,"5":0},"b":{}}
,"/Users/sarvadhisolution/Desktop/React-native/sarvadhi-community/app/(tabs)/channels.tsx": {"path":"/Users/sarvadhisolution/Desktop/React-native/sarvadhi-community/app/(tabs)/channels.tsx","statementMap":{"0":{"start":{"line":21,"column":6},"end":{"line":21,"column":23}},"1":{"start":{"line":23,"column":2},"end":{"line":25,"column":9}},"2":{"start":{"line":24,"column":4},"end":{"line":24,"column":20}},"3":{"start":{"line":27,"column":2},"end":{"line":33,"column":3}},"4":{"start":{"line":28,"column":4},"end":{"line":32,"column":6}},"5":{"start":{"line":35,"column":2},"end":{"line":62,"column":4}},"6":{"start":{"line":39,"column":30},"end":{"line":39,"column":37}},"7":{"start":{"line":41,"column":25},"end":{"line":41,"column":38}},"8":{"start":{"line":43,"column":8},"end":{"line":59,"column":10}},"9":{"start":{"line":45,"column":27},"end":{"line":45,"column":62}},"10":{"start":{"line":53,"column":16},"end":{"line":55,"column":40}},"11":{"start":{"line":65,"column":15},"end":{"line":85,"column":2}}},"fnMap":{"0":{"name":"ChannelsScreen","decl":{"start":{"line":14,"column":24},"end":{"line":14,"column":38}},"loc":{"start":{"line":14,"column":41},"end":{"line":63,"column":1}},"line":14},"1":{"name":"(anonymous_1)","decl":{"start":{"line":23,"column":12},"end":{"line":23,"column":13}},"loc":{"start":{"line":23,"column":18},"end":{"line":25,"column":3}},"line":23},"2":{"name":"(anonymous_2)","decl":{"start":{"line":39,"column":20},"end":{"line":39,"column":21}},"loc":{"start":{"line":39,"column":30},"end":{"line":39,"column":37}},"line":39},"3":{"name":"(anonymous_3)","decl":{"start":{"line":40,"column":18},"end":{"line":40,"column":19}},"loc":{"start":{"line":40,"column":32},"end":{"line":60,"column":7}},"line":40},"4":{"name":"(anonymous_4)","decl":{"start":{"line":45,"column":21},"end":{"line":45,"column":22}},"loc":{"start":{"line":45,"column":27},"end":{"line":45,"column":62}},"line":45},"5":{"name":"(anonymous_5)","decl":{"start":{"line":52,"column":23},"end":{"line":52,"column":24}},"loc":{"start":{"line":53,"column":16},"end":{"line":55,"column":40}},"line":53}},"branchMap":{"0":{"loc":{"start":{"line":27,"column":2},"end":{"line":33,"column":3}},"type":"if","locations":[{"start":{"line":27,"column":2},"end":{"line":33,"column":3}},{"start":{},"end":{}}],"line":27},"1":{"loc":{"start":{"line":51,"column":21},"end":{"line":51,"column":48}},"type":"cond-expr","locations":[{"start":{"line":51,"column":32},"end":{"line":51,"column":39}},{"start":{"line":51,"column":42},"end":{"line":51,"column":48}}],"line":51},"2":{"loc":{"start":{"line":53,"column":16},"end":{"line":55,"column":40}},"type":"cond-expr","locations":[{"start":{"line":54,"column":20},"end":{"line":54,"column":41}},{"start":{"line":55,"column":20},"end":{"line":55,"column":40}}],"line":53}},"s":{"0":0,"1":0,"2":0,"3":0,"4":0,"5":0,"6":0,"7":0,"8":0,"9":0,"10":0,"11":0},"f":{"0":0,"1":0,"2":0,"3":0,"4":0,"5":0},"b":{"0":[0,0],"1":[0,0],"2":[0,0]}}
,"/Users/sarvadhisolution/Desktop/React-native/sarvadhi-community/app/(tabs)/feed.tsx": {"path":"/Users/sarvadhisolution/Desktop/React-native/sarvadhi-community/app/(tabs)/feed.tsx","statementMap":{"0":{"start":{"line":10,"column":38},"end":{"line":10,"column":55}},"1":{"start":{"line":11,"column":20},"end":{"line":11,"column":34}},"2":{"start":{"line":13,"column":2},"end":{"line":15,"column":9}},"3":{"start":{"line":14,"column":4},"end":{"line":14,"column":20}},"4":{"start":{"line":18,"column":25},"end":{"line":18,"column":76}},"5":{"start":{"line":18,"column":65},"end":{"line":18,"column":75}},"6":{"start":{"line":19,"column":27},"end":{"line":19,"column":75}},"7":{"start":{"line":19,"column":70},"end":{"line":19,"column":74}},"8":{"start":{"line":21,"column":20},"end":{"line":27,"column":5}},"9":{"start":{"line":22,"column":33},"end":{"line":22,"column":80}},"10":{"start":{"line":25,"column":8},"end":{"line":26,"column":39}},"11":{"start":{"line":29,"column":2},"end":{"line":37,"column":3}},"12":{"start":{"line":30,"column":4},"end":{"line":36,"column":6}},"13":{"start":{"line":39,"column":2},"end":{"line":47,"column":3}},"14":{"start":{"line":40,"column":4},"end":{"line":46,"column":6}},"15":{"start":{"line":49,"column":2},"end":{"line":71,"column":4}},"16":{"start":{"line":53,"column":41},"end":{"line":53,"column":48}},"17":{"start":{"line":55,"column":8},"end":{"line":68,"column":15}},"18":{"start":{"line":64,"column":14},"end":{"line":64,"column":46}},"19":{"start":{"line":74,"column":15},"end":{"line":107,"column":2}}},"fnMap":{"0":{"name":"FeedScreen","decl":{"start":{"line":9,"column":24},"end":{"line":9,"column":34}},"loc":{"start":{"line":9,"column":37},"end":{"line":72,"column":1}},"line":9},"1":{"name":"(anonymous_1)","decl":{"start":{"line":13,"column":12},"end":{"line":13,"column":13}},"loc":{"start":{"line":13,"column":18},"end":{"line":15,"column":3}},"line":13},"2":{"name":"(anonymous_2)","decl":{"start":{"line":18,"column":41},"end":{"line":18,"column":42}},"loc":{"start":{"line":18,"column":65},"end":{"line":18,"column":75}},"line":18},"3":{"name":"(anonymous_3)","decl":{"start":{"line":19,"column":46},"end":{"line":19,"column":47}},"loc":{"start":{"line":19,"column":70},"end":{"line":19,"column":74}},"line":19},"4":{"name":"(anonymous_4)","decl":{"start":{"line":22,"column":12},"end":{"line":22,"column":13}},"loc":{"start":{"line":22,"column":33},"end":{"line":22,"column":80}},"line":22},"5":{"name":"(anonymous_5)","decl":{"start":{"line":24,"column":6},"end":{"line":24,"column":7}},"loc":{"start":{"line":25,"column":8},"end":{"line":26,"column":39}},"line":25},"6":{"name":"(anonymous_6)","decl":{"start":{"line":53,"column":20},"end":{"line":53,"column":21}},"loc":{"start":{"line":53,"column":41},"end":{"line":53,"column":48}},"line":53},"7":{"name":"(anonymous_7)","decl":{"start":{"line":54,"column":18},"end":{"line":54,"column":19}},"loc":{"start":{"line":55,"column":8},"end":{"line":68,"column":15}},"line":55},"8":{"name":"(anonymous_8)","decl":{"start":{"line":62,"column":30},"end":{"line":62,"column":31}},"loc":{"start":{"line":62,"column":36},"end":{"line":65,"column":13}},"line":62}},"branchMap":{"0":{"loc":{"start":{"line":22,"column":59},"end":{"line":22,"column":79}},"type":"binary-expr","locations":[{"start":{"line":22,"column":59},"end":{"line":22,"column":73}},{"start":{"line":22,"column":77},"end":{"line":22,"column":79}}],"line":22},"1":{"loc":{"start":{"line":29,"column":2},"end":{"line":37,"column":3}},"type":"if","locations":[{"start":{"line":29,"column":2},"end":{"line":37,"column":3}},{"start":{},"end":{}}],"line":29},"2":{"loc":{"start":{"line":39,"column":2},"end":{"line":47,"column":3}},"type":"if","locations":[{"start":{"line":39,"column":2},"end":{"line":47,"column":3}},{"start":{},"end":{}}],"line":39}},"s":{"0":0,"1":0,"2":0,"3":0,"4":0,"5":0,"6":0,"7":0,"8":0,"9":0,"10":0,"11":0,"12":0,"13":0,"14":0,"15":0,"16":0,"17":0,"18":0,"19":0},"f":{"0":0,"1":0,"2":0,"3":0,"4":0,"5":0,"6":0,"7":0,"8":0},"b":{"0":[0,0],"1":[0,0],"2":[0,0]}}
,"/Users/sarvadhisolution/Desktop/React-native/sarvadhi-community/app/(tabs)/index.tsx": {"path":"/Users/sarvadhisolution/Desktop/React-native/sarvadhi-community/app/(tabs)/index.tsx","statementMap":{"0":{"start":{"line":3,"column":2},"end":{"line":3,"column":14}}},"fnMap":{"0":{"name":"TabsLayout","decl":{"start":{"line":2,"column":24},"end":{"line":2,"column":34}},"loc":{"start":{"line":2,"column":37},"end":{"line":4,"column":1}},"line":2}},"branchMap":{},"s":{"0":0},"f":{"0":0},"b":{}}
,"/Users/sarvadhisolution/Desktop/React-native/sarvadhi-community/app/(tabs)/profile.tsx": {"path":"/Users/sarvadhisolution/Desktop/React-native/sarvadhi-community/app/(tabs)/profile.tsx","statementMap":{"0":{"start":{"line":18,"column":28},"end":{"line":35,"column":1}},"1":{"start":{"line":45,"column":2},"end":{"line":57,"column":4}},"2":{"start":{"line":61,"column":23},"end":{"line":72,"column":3}},"3":{"start":{"line":62,"column":4},"end":{"line":71,"column":5}},"4":{"start":{"line":64,"column":8},"end":{"line":64,"column":25}},"5":{"start":{"line":66,"column":8},"end":{"line":66,"column":25}},"6":{"start":{"line":68,"column":8},"end":{"line":68,"column":25}},"7":{"start":{"line":70,"column":8},"end":{"line":70,"column":25}},"8":{"start":{"line":74,"column":23},"end":{"line":76,"column":3}},"9":{"start":{"line":75,"column":4},"end":{"line":75,"column":56}},"10":{"start":{"line":78,"column":2},"end":{"line":94,"column":4}},"11":{"start":{"line":98,"column":17},"end":{"line":98,"column":28}},"12":{"start":{"line":99,"column":38},"end":{"line":99,"column":52}},"13":{"start":{"line":100,"column":22},"end":{"line":100,"column":38}},"14":{"start":{"line":101,"column":17},"end":{"line":101,"column":99}},"15":{"start":{"line":103,"column":42},"end":{"line":103,"column":57}},"16":{"start":{"line":105,"column":21},"end":{"line":116,"column":3}},"17":{"start":{"line":106,"column":4},"end":{"line":115,"column":5}},"18":{"start":{"line":107,"column":19},"end":{"line":107,"column":39}},"19":{"start":{"line":108,"column":6},"end":{"line":112,"column":9}},"20":{"start":{"line":114,"column":6},"end":{"line":114,"column":24}},"21":{"start":{"line":118,"column":23},"end":{"line":140,"column":3}},"22":{"start":{"line":119,"column":4},"end":{"line":139,"column":6}},"23":{"start":{"line":127,"column":12},"end":{"line":127,"column":34}},"24":{"start":{"line":128,"column":12},"end":{"line":134,"column":13}},"25":{"start":{"line":129,"column":14},"end":{"line":129,"column":29}},"26":{"start":{"line":132,"column":14},"end":{"line":132,"column":37}},"27":{"start":{"line":133,"column":14},"end":{"line":133,"column":74}},"28":{"start":{"line":142,"column":2},"end":{"line":158,"column":3}},"29":{"start":{"line":143,"column":4},"end":{"line":157,"column":6}},"30":{"start":{"line":160,"column":2},"end":{"line":271,"column":4}},"31":{"start":{"line":274,"column":15},"end":{"line":412,"column":2}}},"fnMap":{"0":{"name":"ProfileField","decl":{"start":{"line":44,"column":9},"end":{"line":44,"column":21}},"loc":{"start":{"line":44,"column":73},"end":{"line":58,"column":1}},"line":44},"1":{"name":"RoleBadge","decl":{"start":{"line":60,"column":9},"end":{"line":60,"column":18}},"loc":{"start":{"line":60,"column":100},"end":{"line":95,"column":1}},"line":60},"2":{"name":"(anonymous_2)","decl":{"start":{"line":61,"column":23},"end":{"line":61,"column":24}},"loc":{"start":{"line":61,"column":29},"end":{"line":72,"column":3}},"line":61},"3":{"name":"(anonymous_3)","decl":{"start":{"line":74,"column":23},"end":{"line":74,"column":24}},"loc":{"start":{"line":74,"column":29},"end":{"line":76,"column":3}},"line":74},"4":{"name":"ProfileScreen","decl":{"start":{"line":97,"column":24},"end":{"line":97,"column":37}},"loc":{"start":{"line":97,"column":40},"end":{"line":272,"column":1}},"line":97},"5":{"name":"(anonymous_5)","decl":{"start":{"line":105,"column":21},"end":{"line":105,"column":22}},"loc":{"start":{"line":105,"column":45},"end":{"line":116,"column":3}},"line":105},"6":{"name":"(anonymous_6)","decl":{"start":{"line":118,"column":23},"end":{"line":118,"column":24}},"loc":{"start":{"line":118,"column":29},"end":{"line":140,"column":3}},"line":118},"7":{"name":"(anonymous_7)","decl":{"start":{"line":123,"column":35},"end":{"line":123,"column":36}},"loc":{"start":{"line":123,"column":41},"end":{"line":123,"column":43}},"line":123},"8":{"name":"(anonymous_8)","decl":{"start":{"line":126,"column":19},"end":{"line":126,"column":20}},"loc":{"start":{"line":126,"column":31},"end":{"line":135,"column":11}},"line":126}},"branchMap":{"0":{"loc":{"start":{"line":54,"column":9},"end":{"line":54,"column":23}},"type":"binary-expr","locations":[{"start":{"line":54,"column":9},"end":{"line":54,"column":14}},{"start":{"line":54,"column":18},"end":{"line":54,"column":23}}],"line":54},"1":{"loc":{"start":{"line":62,"column":4},"end":{"line":71,"column":5}},"type":"switch","locations":[{"start":{"line":63,"column":6},"end":{"line":64,"column":25}},{"start":{"line":65,"column":6},"end":{"line":66,"column":25}},{"start":{"line":67,"column":6},"end":{"line":68,"column":25}},{"start":{"line":69,"column":6},"end":{"line":70,"column":25}}],"line":62},"2":{"loc":{"start":{"line":101,"column":37},"end":{"line":101,"column":59}},"type":"binary-expr","locations":[{"start":{"line":101,"column":37},"end":{"line":101,"column":48}},{"start":{"line":101,"column":52},"end":{"line":101,"column":59}}],"line":101},"3":{"loc":{"start":{"line":142,"column":2},"end":{"line":158,"column":3}},"type":"if","locations":[{"start":{"line":142,"column":2},"end":{"line":158,"column":3}},{"start":{},"end":{}}],"line":142},"4":{"loc":{"start":{"line":215,"column":12},"end":{"line":215,"column":73}},"type":"cond-expr","locations":[{"start":{"line":215,"column":44},"end":{"line":215,"column":62}},{"start":{"line":215,"column":65},"end":{"line":215,"column":73}}],"line":215},"5":{"loc":{"start":{"line":248,"column":39},"end":{"line":248,"column":82}},"type":"binary-expr","locations":[{"start":{"line":248,"column":39},"end":{"line":248,"column":51}},{"start":{"line":248,"column":55},"end":{"line":248,"column":82}}],"line":248},"6":{"loc":{"start":{"line":250,"column":11},"end":{"line":257,"column":11}},"type":"cond-expr","locations":[{"start":{"line":251,"column":12},"end":{"line":251,"column":59}},{"start":{"line":253,"column":12},"end":{"line":256,"column":15}}],"line":250}},"s":{"0":0,"1":0,"2":0,"3":0,"4":0,"5":0,"6":0,"7":0,"8":0,"9":0,"10":0,"11":0,"12":0,"13":0,"14":0,"15":0,"16":0,"17":0,"18":0,"19":0,"20":0,"21":0,"22":0,"23":0,"24":0,"25":0,"26":0,"27":0,"28":0,"29":0,"30":0,"31":0},"f":{"0":0,"1":0,"2":0,"3":0,"4":0,"5":0,"6":0,"7":0,"8":0},"b":{"0":[0,0],"1":[0,0,0,0],"2":[0,0],"3":[0,0],"4":[0,0],"5":[0,0],"6":[0,0]}}
,"/Users/sarvadhisolution/Desktop/React-native/sarvadhi-community/app/(tabs)/channels/[id].tsx": {"path":"/Users/sarvadhisolution/Desktop/React-native/sarvadhi-community/app/(tabs)/channels/[id].tsx","statementMap":{"0":{"start":{"line":22,"column":17},"end":{"line":22,"column":55}},"1":{"start":{"line":23,"column":19},"end":{"line":23,"column":33}},"2":{"start":{"line":26,"column":32},"end":{"line":26,"column":70}},"3":{"start":{"line":29,"column":28},"end":{"line":29,"column":53}},"4":{"start":{"line":30,"column":36},"end":{"line":30,"column":50}},"5":{"start":{"line":31,"column":42},"end":{"line":31,"column":57}},"6":{"start":{"line":32,"column":44},"end":{"line":32,"column":59}},"7":{"start":{"line":33,"column":32},"end":{"line":33,"column":46}},"8":{"start":{"line":34,"column":30},"end":{"line":34,"column":41}},"9":{"start":{"line":35,"column":28},"end":{"line":35,"column":57}},"10":{"start":{"line":38,"column":46},"end":{"line":38,"column":61}},"11":{"start":{"line":40,"column":16},"end":{"line":40,"column":18}},"12":{"start":{"line":43,"column":30},"end":{"line":52,"column":3}},"13":{"start":{"line":44,"column":4},"end":{"line":51,"column":5}},"14":{"start":{"line":45,"column":23},"end":{"line":45,"column":54}},"15":{"start":{"line":46,"column":6},"end":{"line":48,"column":7}},"16":{"start":{"line":47,"column":8},"end":{"line":47,"column":39}},"17":{"start":{"line":50,"column":6},"end":{"line":50,"column":53}},"18":{"start":{"line":55,"column":21},"end":{"line":83,"column":3}},"19":{"start":{"line":56,"column":4},"end":{"line":82,"column":5}},"20":{"start":{"line":57,"column":28},"end":{"line":57,"column":46}},"21":{"start":{"line":58,"column":23},"end":{"line":58,"column":80}},"22":{"start":{"line":60,"column":6},"end":{"line":74,"column":7}},"23":{"start":{"line":61,"column":25},"end":{"line":61,"column":43}},"24":{"start":{"line":63,"column":8},"end":{"line":69,"column":9}},"25":{"start":{"line":64,"column":10},"end":{"line":64,"column":29}},"26":{"start":{"line":65,"column":10},"end":{"line":65,"column":27}},"27":{"start":{"line":67,"column":10},"end":{"line":67,"column":51}},"28":{"start":{"line":67,"column":27},"end":{"line":67,"column":49}},"29":{"start":{"line":68,"column":10},"end":{"line":68,"column":42}},"30":{"start":{"line":68,"column":28},"end":{"line":68,"column":40}},"31":{"start":{"line":72,"column":8},"end":{"line":72,"column":46}},"32":{"start":{"line":73,"column":8},"end":{"line":73,"column":23}},"33":{"start":{"line":76,"column":6},"end":{"line":76,"column":70}},"34":{"start":{"line":77,"column":6},"end":{"line":77,"column":70}},"35":{"start":{"line":79,"column":6},"end":{"line":79,"column":26}},"36":{"start":{"line":80,"column":6},"end":{"line":80,"column":29}},"37":{"start":{"line":81,"column":6},"end":{"line":81,"column":30}},"38":{"start":{"line":86,"column":2},"end":{"line":91,"column":11}},"39":{"start":{"line":87,"column":4},"end":{"line":90,"column":5}},"40":{"start":{"line":88,"column":6},"end":{"line":88,"column":28}},"41":{"start":{"line":89,"column":6},"end":{"line":89,"column":23}},"42":{"start":{"line":94,"column":24},"end":{"line":98,"column":3}},"43":{"start":{"line":95,"column":4},"end":{"line":95,"column":26}},"44":{"start":{"line":96,"column":4},"end":{"line":96,"column":17}},"45":{"start":{"line":97,"column":4},"end":{"line":97,"column":21}},"46":{"start":{"line":101,"column":25},"end":{"line":106,"column":3}},"47":{"start":{"line":102,"column":4},"end":{"line":105,"column":5}},"48":{"start":{"line":103,"column":6},"end":{"line":103,"column":29}},"49":{"start":{"line":104,"column":6},"end":{"line":104,"column":24}},"50":{"start":{"line":109,"column":28},"end":{"line":111,"column":3}},"51":{"start":{"line":110,"column":4},"end":{"line":110,"column":41}},"52":{"start":{"line":110,"column":21},"end":{"line":110,"column":39}},"53":{"start":{"line":114,"column":28},"end":{"line":118,"column":3}},"54":{"start":{"line":115,"column":4},"end":{"line":117,"column":6}},"55":{"start":{"line":116,"column":6},"end":{"line":116,"column":71}},"56":{"start":{"line":116,"column":23},"end":{"line":116,"column":70}},"57":{"start":{"line":121,"column":28},"end":{"line":123,"column":3}},"58":{"start":{"line":122,"column":4},"end":{"line":122,"column":62}},"59":{"start":{"line":122,"column":21},"end":{"line":122,"column":60}},"60":{"start":{"line":122,"column":41},"end":{"line":122,"column":59}},"61":{"start":{"line":126,"column":21},"end":{"line":134,"column":3}},"62":{"start":{"line":127,"column":4},"end":{"line":133,"column":6}},"63":{"start":{"line":137,"column":2},"end":{"line":145,"column":3}},"64":{"start":{"line":138,"column":4},"end":{"line":144,"column":6}},"65":{"start":{"line":147,"column":2},"end":{"line":209,"column":4}},"66":{"start":{"line":159,"column":34},"end":{"line":162,"column":11}},"67":{"start":{"line":163,"column":25},"end":{"line":163,"column":48}},"68":{"start":{"line":171,"column":32},"end":{"line":171,"column":39}},"69":{"start":{"line":204,"column":23},"end":{"line":204,"column":47}},"70":{"start":{"line":212,"column":15},"end":{"line":285,"column":2}}},"fnMap":{"0":{"name":"ChannelDetailScreen","decl":{"start":{"line":21,"column":24},"end":{"line":21,"column":43}},"loc":{"start":{"line":21,"column":46},"end":{"line":210,"column":1}},"line":21},"1":{"name":"(anonymous_1)","decl":{"start":{"line":43,"column":30},"end":{"line":43,"column":31}},"loc":{"start":{"line":43,"column":42},"end":{"line":52,"column":3}},"line":43},"2":{"name":"(anonymous_2)","decl":{"start":{"line":55,"column":21},"end":{"line":55,"column":22}},"loc":{"start":{"line":55,"column":46},"end":{"line":83,"column":3}},"line":55},"3":{"name":"(anonymous_3)","decl":{"start":{"line":67,"column":19},"end":{"line":67,"column":20}},"loc":{"start":{"line":67,"column":27},"end":{"line":67,"column":49}},"line":67},"4":{"name":"(anonymous_4)","decl":{"start":{"line":68,"column":20},"end":{"line":68,"column":21}},"loc":{"start":{"line":68,"column":28},"end":{"line":68,"column":40}},"line":68},"5":{"name":"(anonymous_5)","decl":{"start":{"line":86,"column":12},"end":{"line":86,"column":13}},"loc":{"start":{"line":86,"column":18},"end":{"line":91,"column":3}},"line":86},"6":{"name":"(anonymous_6)","decl":{"start":{"line":94,"column":24},"end":{"line":94,"column":25}},"loc":{"start":{"line":94,"column":30},"end":{"line":98,"column":3}},"line":94},"7":{"name":"(anonymous_7)","decl":{"start":{"line":101,"column":25},"end":{"line":101,"column":26}},"loc":{"start":{"line":101,"column":31},"end":{"line":106,"column":3}},"line":101},"8":{"name":"(anonymous_8)","decl":{"start":{"line":109,"column":28},"end":{"line":109,"column":29}},"loc":{"start":{"line":109,"column":52},"end":{"line":111,"column":3}},"line":109},"9":{"name":"(anonymous_9)","decl":{"start":{"line":110,"column":13},"end":{"line":110,"column":14}},"loc":{"start":{"line":110,"column":21},"end":{"line":110,"column":39}},"line":110},"10":{"name":"(anonymous_10)","decl":{"start":{"line":114,"column":28},"end":{"line":114,"column":29}},"loc":{"start":{"line":114,"column":56},"end":{"line":118,"column":3}},"line":114},"11":{"name":"(anonymous_11)","decl":{"start":{"line":115,"column":13},"end":{"line":115,"column":14}},"loc":{"start":{"line":116,"column":6},"end":{"line":116,"column":71}},"line":116},"12":{"name":"(anonymous_12)","decl":{"start":{"line":116,"column":15},"end":{"line":116,"column":16}},"loc":{"start":{"line":116,"column":23},"end":{"line":116,"column":70}},"line":116},"13":{"name":"(anonymous_13)","decl":{"start":{"line":121,"column":28},"end":{"line":121,"column":29}},"loc":{"start":{"line":121,"column":48},"end":{"line":123,"column":3}},"line":121},"14":{"name":"(anonymous_14)","decl":{"start":{"line":122,"column":13},"end":{"line":122,"column":14}},"loc":{"start":{"line":122,"column":21},"end":{"line":122,"column":60}},"line":122},"15":{"name":"(anonymous_15)","decl":{"start":{"line":122,"column":33},"end":{"line":122,"column":34}},"loc":{"start":{"line":122,"column":41},"end":{"line":122,"column":59}},"line":122},"16":{"name":"(anonymous_16)","decl":{"start":{"line":126,"column":21},"end":{"line":126,"column":22}},"loc":{"start":{"line":127,"column":4},"end":{"line":133,"column":6}},"line":127},"17":{"name":"(anonymous_17)","decl":{"start":{"line":159,"column":17},"end":{"line":159,"column":18}},"loc":{"start":{"line":159,"column":34},"end":{"line":162,"column":11}},"line":159},"18":{"name":"(anonymous_18)","decl":{"start":{"line":163,"column":19},"end":{"line":163,"column":20}},"loc":{"start":{"line":163,"column":25},"end":{"line":163,"column":48}},"line":163},"19":{"name":"(anonymous_19)","decl":{"start":{"line":171,"column":22},"end":{"line":171,"column":23}},"loc":{"start":{"line":171,"column":32},"end":{"line":171,"column":39}},"line":171},"20":{"name":"(anonymous_20)","decl":{"start":{"line":204,"column":17},"end":{"line":204,"column":18}},"loc":{"start":{"line":204,"column":23},"end":{"line":204,"column":47}},"line":204}},"branchMap":{"0":{"loc":{"start":{"line":46,"column":6},"end":{"line":48,"column":7}},"type":"if","locations":[{"start":{"line":46,"column":6},"end":{"line":48,"column":7}},{"start":{},"end":{}}],"line":46},"1":{"loc":{"start":{"line":46,"column":10},"end":{"line":46,"column":53}},"type":"binary-expr","locations":[{"start":{"line":46,"column":10},"end":{"line":46,"column":31}},{"start":{"line":46,"column":35},"end":{"line":46,"column":53}}],"line":46},"2":{"loc":{"start":{"line":55,"column":28},"end":{"line":55,"column":41}},"type":"default-arg","locations":[{"start":{"line":55,"column":36},"end":{"line":55,"column":41}}],"line":55},"3":{"loc":{"start":{"line":57,"column":28},"end":{"line":57,"column":46}},"type":"cond-expr","locations":[{"start":{"line":57,"column":36},"end":{"line":57,"column":37}},{"start":{"line":57,"column":40},"end":{"line":57,"column":46}}],"line":57},"4":{"loc":{"start":{"line":60,"column":6},"end":{"line":74,"column":7}},"type":"if","locations":[{"start":{"line":60,"column":6},"end":{"line":74,"column":7}},{"start":{},"end":{}}],"line":60},"5":{"loc":{"start":{"line":60,"column":10},"end":{"line":60,"column":53}},"type":"binary-expr","locations":[{"start":{"line":60,"column":10},"end":{"line":60,"column":31}},{"start":{"line":60,"column":35},"end":{"line":60,"column":53}}],"line":60},"6":{"loc":{"start":{"line":63,"column":8},"end":{"line":69,"column":9}},"type":"if","locations":[{"start":{"line":63,"column":8},"end":{"line":69,"column":9}},{"start":{"line":66,"column":15},"end":{"line":69,"column":9}}],"line":63},"7":{"loc":{"start":{"line":76,"column":15},"end":{"line":76,"column":68}},"type":"binary-expr","locations":[{"start":{"line":76,"column":15},"end":{"line":76,"column":42}},{"start":{"line":76,"column":46},"end":{"line":76,"column":68}}],"line":76},"8":{"loc":{"start":{"line":87,"column":4},"end":{"line":90,"column":5}},"type":"if","locations":[{"start":{"line":87,"column":4},"end":{"line":90,"column":5}},{"start":{},"end":{}}],"line":87},"9":{"loc":{"start":{"line":102,"column":4},"end":{"line":105,"column":5}},"type":"if","locations":[{"start":{"line":102,"column":4},"end":{"line":105,"column":5}},{"start":{},"end":{}}],"line":102},"10":{"loc":{"start":{"line":102,"column":8},"end":{"line":102,"column":47}},"type":"binary-expr","locations":[{"start":{"line":102,"column":8},"end":{"line":102,"column":22}},{"start":{"line":102,"column":26},"end":{"line":102,"column":33}},{"start":{"line":102,"column":37},"end":{"line":102,"column":47}}],"line":102},"11":{"loc":{"start":{"line":116,"column":23},"end":{"line":116,"column":70}},"type":"cond-expr","locations":[{"start":{"line":116,"column":52},"end":{"line":116,"column":63}},{"start":{"line":116,"column":66},"end":{"line":116,"column":70}}],"line":116},"12":{"loc":{"start":{"line":137,"column":2},"end":{"line":145,"column":3}},"type":"if","locations":[{"start":{"line":137,"column":2},"end":{"line":145,"column":3}},{"start":{},"end":{}}],"line":137},"13":{"loc":{"start":{"line":137,"column":6},"end":{"line":137,"column":37}},"type":"binary-expr","locations":[{"start":{"line":137,"column":6},"end":{"line":137,"column":15}},{"start":{"line":137,"column":19},"end":{"line":137,"column":37}}],"line":137},"14":{"loc":{"start":{"line":151,"column":17},"end":{"line":151,"column":48}},"type":"binary-expr","locations":[{"start":{"line":151,"column":17},"end":{"line":151,"column":30}},{"start":{"line":151,"column":34},"end":{"line":151,"column":48}}],"line":151},"15":{"loc":{"start":{"line":161,"column":12},"end":{"line":161,"column":53}},"type":"binary-expr","locations":[{"start":{"line":161,"column":12},"end":{"line":161,"column":19}},{"start":{"line":161,"column":23},"end":{"line":161,"column":53}}],"line":161},"16":{"loc":{"start":{"line":192,"column":10},"end":{"line":197,"column":18}},"type":"cond-expr","locations":[{"start":{"line":193,"column":12},"end":{"line":196,"column":19}},{"start":{"line":197,"column":14},"end":{"line":197,"column":18}}],"line":192}},"s":{"0":0,"1":0,"2":0,"3":0,"4":0,"5":0,"6":0,"7":0,"8":0,"9":0,"10":0,"11":0,"12":0,"13":0,"14":0,"15":0,"16":0,"17":0,"18":0,"19":0,"20":0,"21":0,"22":0,"23":0,"24":0,"25":0,"26":0,"27":0,"28":0,"29":0,"30":0,"31":0,"32":0,"33":0,"34":0,"35":0,"36":0,"37":0,"38":0,"39":0,"40":0,"41":0,"42":0,"43":0,"44":0,"45":0,"46":0,"47":0,"48":0,"49":0,"50":0,"51":0,"52":0,"53":0,"54":0,"55":0,"56":0,"57":0,"58":0,"59":0,"60":0,"61":0,"62":0,"63":0,"64":0,"65":0,"66":0,"67":0,"68":0,"69":0,"70":0},"f":{"0":0,"1":0,"2":0,"3":0,"4":0,"5":0,"6":0,"7":0,"8":0,"9":0,"10":0,"11":0,"12":0,"13":0,"14":0,"15":0,"16":0,"17":0,"18":0,"19":0,"20":0},"b":{"0":[0,0],"1":[0,0],"2":[0],"3":[0,0],"4":[0,0],"5":[0,0],"6":[0,0],"7":[0,0],"8":[0,0],"9":[0,0],"10":[0,0,0],"11":[0,0],"12":[0,0],"13":[0,0],"14":[0,0],"15":[0,0],"16":[0,0]}}
,"/Users/sarvadhisolution/Desktop/React-native/sarvadhi-community/app/(tabs)/channels/index.tsx": {"path":"/Users/sarvadhisolution/Desktop/React-native/sarvadhi-community/app/(tabs)/channels/index.tsx","statementMap":{"0":{"start":{"line":18,"column":76},"end":{"line":18,"column":93}},"1":{"start":{"line":19,"column":42},"end":{"line":19,"column":57}},"2":{"start":{"line":20,"column":50},"end":{"line":20,"column":79}},"3":{"start":{"line":22,"column":2},"end":{"line":24,"column":9}},"4":{"start":{"line":23,"column":4},"end":{"line":23,"column":20}},"5":{"start":{"line":26,"column":24},"end":{"line":30,"column":3}},"6":{"start":{"line":27,"column":4},"end":{"line":27,"column":26}},"7":{"start":{"line":28,"column":4},"end":{"line":28,"column":26}},"8":{"start":{"line":29,"column":4},"end":{"line":29,"column":27}},"9":{"start":{"line":32,"column":26},"end":{"line":48,"column":3}},"10":{"start":{"line":33,"column":4},"end":{"line":33,"column":36}},"11":{"start":{"line":34,"column":4},"end":{"line":47,"column":5}},"12":{"start":{"line":35,"column":6},"end":{"line":39,"column":7}},"13":{"start":{"line":36,"column":8},"end":{"line":36,"column":39}},"14":{"start":{"line":38,"column":8},"end":{"line":38,"column":38}},"15":{"start":{"line":41,"column":6},"end":{"line":44,"column":8}},"16":{"start":{"line":46,"column":6},"end":{"line":46,"column":32}},"17":{"start":{"line":50,"column":24},"end":{"line":106,"column":3}},"18":{"start":{"line":51,"column":25},"end":{"line":51,"column":53}},"19":{"start":{"line":53,"column":4},"end":{"line":105,"column":6}},"20":{"start":{"line":55,"column":32},"end":{"line":58,"column":9}},"21":{"start":{"line":59,"column":23},"end":{"line":59,"column":58}},"22":{"start":{"line":91,"column":12},"end":{"line":91,"column":32}},"23":{"start":{"line":92,"column":12},"end":{"line":92,"column":34}},"24":{"start":{"line":108,"column":2},"end":{"line":115,"column":3}},"25":{"start":{"line":109,"column":4},"end":{"line":114,"column":6}},"26":{"start":{"line":117,"column":2},"end":{"line":141,"column":4}},"27":{"start":{"line":121,"column":32},"end":{"line":121,"column":39}},"28":{"start":{"line":144,"column":15},"end":{"line":258,"column":2}}},"fnMap":{"0":{"name":"ChannelsScreen","decl":{"start":{"line":17,"column":24},"end":{"line":17,"column":38}},"loc":{"start":{"line":17,"column":41},"end":{"line":142,"column":1}},"line":17},"1":{"name":"(anonymous_1)","decl":{"start":{"line":22,"column":12},"end":{"line":22,"column":13}},"loc":{"start":{"line":22,"column":18},"end":{"line":24,"column":3}},"line":22},"2":{"name":"(anonymous_2)","decl":{"start":{"line":26,"column":24},"end":{"line":26,"column":25}},"loc":{"start":{"line":26,"column":36},"end":{"line":30,"column":3}},"line":26},"3":{"name":"(anonymous_3)","decl":{"start":{"line":32,"column":26},"end":{"line":32,"column":27}},"loc":{"start":{"line":32,"column":62},"end":{"line":48,"column":3}},"line":32},"4":{"name":"(anonymous_4)","decl":{"start":{"line":50,"column":24},"end":{"line":50,"column":25}},"loc":{"start":{"line":50,"column":65},"end":{"line":106,"column":3}},"line":50},"5":{"name":"(anonymous_5)","decl":{"start":{"line":55,"column":15},"end":{"line":55,"column":16}},"loc":{"start":{"line":55,"column":32},"end":{"line":58,"column":9}},"line":55},"6":{"name":"(anonymous_6)","decl":{"start":{"line":59,"column":17},"end":{"line":59,"column":18}},"loc":{"start":{"line":59,"column":23},"end":{"line":59,"column":58}},"line":59},"7":{"name":"(anonymous_7)","decl":{"start":{"line":90,"column":19},"end":{"line":90,"column":20}},"loc":{"start":{"line":90,"column":26},"end":{"line":93,"column":11}},"line":90},"8":{"name":"(anonymous_8)","decl":{"start":{"line":121,"column":22},"end":{"line":121,"column":23}},"loc":{"start":{"line":121,"column":32},"end":{"line":121,"column":39}},"line":121}},"branchMap":{"0":{"loc":{"start":{"line":35,"column":6},"end":{"line":39,"column":7}},"type":"if","locations":[{"start":{"line":35,"column":6},"end":{"line":39,"column":7}},{"start":{"line":37,"column":13},"end":{"line":39,"column":7}}],"line":35},"1":{"loc":{"start":{"line":43,"column":8},"end":{"line":43,"column":99}},"type":"binary-expr","locations":[{"start":{"line":43,"column":8},"end":{"line":43,"column":37}},{"start":{"line":43,"column":41},"end":{"line":43,"column":99}}],"line":43},"2":{"loc":{"start":{"line":43,"column":54},"end":{"line":43,"column":89}},"type":"cond-expr","locations":[{"start":{"line":43,"column":73},"end":{"line":43,"column":80}},{"start":{"line":43,"column":83},"end":{"line":43,"column":89}}],"line":43},"3":{"loc":{"start":{"line":57,"column":10},"end":{"line":57,"column":46}},"type":"binary-expr","locations":[{"start":{"line":57,"column":10},"end":{"line":57,"column":17}},{"start":{"line":57,"column":21},"end":{"line":57,"column":46}}],"line":57},"4":{"loc":{"start":{"line":64,"column":13},"end":{"line":68,"column":13}},"type":"binary-expr","locations":[{"start":{"line":64,"column":13},"end":{"line":64,"column":36}},{"start":{"line":65,"column":14},"end":{"line":67,"column":21}}],"line":64},"5":{"loc":{"start":{"line":71,"column":11},"end":{"line":75,"column":11}},"type":"binary-expr","locations":[{"start":{"line":71,"column":11},"end":{"line":71,"column":27}},{"start":{"line":72,"column":12},"end":{"line":74,"column":19}}],"line":71},"6":{"loc":{"start":{"line":79,"column":18},"end":{"line":79,"column":39}},"type":"binary-expr","locations":[{"start":{"line":79,"column":18},"end":{"line":79,"column":34}},{"start":{"line":79,"column":38},"end":{"line":79,"column":39}}],"line":79},"7":{"loc":{"start":{"line":79,"column":42},"end":{"line":79,"column":87}},"type":"cond-expr","locations":[{"start":{"line":79,"column":67},"end":{"line":79,"column":75}},{"start":{"line":79,"column":78},"end":{"line":79,"column":87}}],"line":79},"8":{"loc":{"start":{"line":87,"column":12},"end":{"line":87,"column":47}},"type":"binary-expr","locations":[{"start":{"line":87,"column":12},"end":{"line":87,"column":25}},{"start":{"line":87,"column":29},"end":{"line":87,"column":47}}],"line":87},"9":{"loc":{"start":{"line":88,"column":12},"end":{"line":88,"column":53}},"type":"binary-expr","locations":[{"start":{"line":88,"column":12},"end":{"line":88,"column":24}},{"start":{"line":88,"column":28},"end":{"line":88,"column":53}}],"line":88},"10":{"loc":{"start":{"line":96,"column":11},"end":{"line":102,"column":11}},"type":"cond-expr","locations":[{"start":{"line":97,"column":12},"end":{"line":97,"column":62}},{"start":{"line":99,"column":12},"end":{"line":101,"column":19}}],"line":96},"11":{"loc":{"start":{"line":100,"column":15},"end":{"line":100,"column":47}},"type":"cond-expr","locations":[{"start":{"line":100,"column":31},"end":{"line":100,"column":38}},{"start":{"line":100,"column":41},"end":{"line":100,"column":47}}],"line":100},"12":{"loc":{"start":{"line":108,"column":2},"end":{"line":115,"column":3}},"type":"if","locations":[{"start":{"line":108,"column":2},"end":{"line":115,"column":3}},{"start":{},"end":{}}],"line":108},"13":{"loc":{"start":{"line":108,"column":6},"end":{"line":108,"column":40}},"type":"binary-expr","locations":[{"start":{"line":108,"column":6},"end":{"line":108,"column":15}},{"start":{"line":108,"column":19},"end":{"line":108,"column":40}}],"line":108}},"s":{"0":0,"1":0,"2":0,"3":0,"4":0,"5":0,"6":0,"7":0,"8":0,"9":0,"10":0,"11":0,"12":0,"13":0,"14":0,"15":0,"16":0,"17":0,"18":0,"19":0,"20":0,"21":0,"22":0,"23":0,"24":0,"25":0,"26":0,"27":0,"28":0},"f":{"0":0,"1":0,"2":0,"3":0,"4":0,"5":0,"6":0,"7":0,"8":0},"b":{"0":[0,0],"1":[0,0],"2":[0,0],"3":[0,0],"4":[0,0],"5":[0,0],"6":[0,0],"7":[0,0],"8":[0,0],"9":[0,0],"10":[0,0],"11":[0,0],"12":[0,0],"13":[0,0]}}
,"/Users/sarvadhisolution/Desktop/React-native/sarvadhi-community/app/(tabs)/channels-detail/[channelId].tsx": {"path":"/Users/sarvadhisolution/Desktop/React-native/sarvadhi-community/app/(tabs)/channels-detail/[channelId].tsx","statementMap":{"0":{"start":{"line":11,"column":24},"end":{"line":11,"column":69}},"1":{"start":{"line":16,"column":6},"end":{"line":16,"column":23}},"2":{"start":{"line":18,"column":20},"end":{"line":18,"column":34}},"3":{"start":{"line":20,"column":18},"end":{"line":20,"column":75}},"4":{"start":{"line":20,"column":56},"end":{"line":20,"column":74}},"5":{"start":{"line":21,"column":19},"end":{"line":21,"column":45}},"6":{"start":{"line":23,"column":23},"end":{"line":25,"column":3}},"7":{"start":{"line":24,"column":25},"end":{"line":24,"column":53}},"8":{"start":{"line":29,"column":2},"end":{"line":35,"column":3}},"9":{"start":{"line":30,"column":4},"end":{"line":34,"column":6}},"10":{"start":{"line":37,"column":2},"end":{"line":78,"column":4}},"11":{"start":{"line":48,"column":27},"end":{"line":48,"column":50}},"12":{"start":{"line":59,"column":16},"end":{"line":71,"column":23}},"13":{"start":{"line":68,"column":22},"end":{"line":68,"column":54}},"14":{"start":{"line":81,"column":15},"end":{"line":123,"column":2}}},"fnMap":{"0":{"name":"ChannelDetailScreen","decl":{"start":{"line":10,"column":24},"end":{"line":10,"column":43}},"loc":{"start":{"line":10,"column":46},"end":{"line":79,"column":1}},"line":10},"1":{"name":"(anonymous_1)","decl":{"start":{"line":20,"column":32},"end":{"line":20,"column":33}},"loc":{"start":{"line":20,"column":56},"end":{"line":20,"column":74}},"line":20},"2":{"name":"(anonymous_2)","decl":{"start":{"line":24,"column":4},"end":{"line":24,"column":5}},"loc":{"start":{"line":24,"column":25},"end":{"line":24,"column":53}},"line":24},"3":{"name":"(anonymous_3)","decl":{"start":{"line":48,"column":21},"end":{"line":48,"column":22}},"loc":{"start":{"line":48,"column":27},"end":{"line":48,"column":50}},"line":48},"4":{"name":"(anonymous_4)","decl":{"start":{"line":58,"column":29},"end":{"line":58,"column":30}},"loc":{"start":{"line":59,"column":16},"end":{"line":71,"column":23}},"line":59},"5":{"name":"(anonymous_5)","decl":{"start":{"line":66,"column":38},"end":{"line":66,"column":39}},"loc":{"start":{"line":66,"column":44},"end":{"line":69,"column":21}},"line":66}},"branchMap":{"0":{"loc":{"start":{"line":21,"column":19},"end":{"line":21,"column":45}},"type":"binary-expr","locations":[{"start":{"line":21,"column":19},"end":{"line":21,"column":36}},{"start":{"line":21,"column":40},"end":{"line":21,"column":45}}],"line":21},"1":{"loc":{"start":{"line":29,"column":2},"end":{"line":35,"column":3}},"type":"if","locations":[{"start":{"line":29,"column":2},"end":{"line":35,"column":3}},{"start":{},"end":{}}],"line":29},"2":{"loc":{"start":{"line":41,"column":7},"end":{"line":51,"column":7}},"type":"binary-expr","locations":[{"start":{"line":41,"column":7},"end":{"line":41,"column":16}},{"start":{"line":42,"column":8},"end":{"line":50,"column":15}}],"line":41},"3":{"loc":{"start":{"line":53,"column":7},"end":{"line":75,"column":9}},"type":"binary-expr","locations":[{"start":{"line":53,"column":7},"end":{"line":53,"column":15}},{"start":{"line":54,"column":8},"end":{"line":74,"column":15}}],"line":53},"4":{"loc":{"start":{"line":55,"column":13},"end":{"line":73,"column":13}},"type":"cond-expr","locations":[{"start":{"line":56,"column":12},"end":{"line":56,"column":64}},{"start":{"line":58,"column":12},"end":{"line":72,"column":14}}],"line":55}},"s":{"0":0,"1":0,"2":0,"3":0,"4":0,"5":0,"6":0,"7":0,"8":0,"9":0,"10":0,"11":0,"12":0,"13":0,"14":0},"f":{"0":0,"1":0,"2":0,"3":0,"4":0,"5":0},"b":{"0":[0,0],"1":[0,0],"2":[0,0],"3":[0,0],"4":[0,0]}}
,"/Users/sarvadhisolution/Desktop/React-native/sarvadhi-community/app/(tabs)/groups/[id].tsx": {"path":"/Users/sarvadhisolution/Desktop/React-native/sarvadhi-community/app/(tabs)/groups/[id].tsx","statementMap":{"0":{"start":{"line":22,"column":17},"end":{"line":22,"column":55}},"1":{"start":{"line":23,"column":17},"end":{"line":23,"column":28}},"2":{"start":{"line":24,"column":19},"end":{"line":24,"column":33}},"3":{"start":{"line":26,"column":28},"end":{"line":26,"column":62}},"4":{"start":{"line":27,"column":28},"end":{"line":27,"column":53}},"5":{"start":{"line":28,"column":36},"end":{"line":28,"column":50}},"6":{"start":{"line":29,"column":42},"end":{"line":29,"column":57}},"7":{"start":{"line":30,"column":44},"end":{"line":30,"column":59}},"8":{"start":{"line":31,"column":32},"end":{"line":31,"column":46}},"9":{"start":{"line":32,"column":46},"end":{"line":32,"column":61}},"10":{"start":{"line":33,"column":46},"end":{"line":33,"column":61}},"11":{"start":{"line":34,"column":46},"end":{"line":34,"column":61}},"12":{"start":{"line":36,"column":20},"end":{"line":36,"column":49}},"13":{"start":{"line":38,"column":21},"end":{"line":49,"column":3}},"14":{"start":{"line":39,"column":4},"end":{"line":48,"column":5}},"15":{"start":{"line":40,"column":23},"end":{"line":40,"column":51}},"16":{"start":{"line":41,"column":6},"end":{"line":43,"column":7}},"17":{"start":{"line":42,"column":8},"end":{"line":42,"column":37}},"18":{"start":{"line":45,"column":6},"end":{"line":45,"column":51}},"19":{"start":{"line":46,"column":6},"end":{"line":46,"column":59}},"20":{"start":{"line":47,"column":6},"end":{"line":47,"column":20}},"21":{"start":{"line":51,"column":21},"end":{"line":85,"column":3}},"22":{"start":{"line":52,"column":4},"end":{"line":52,"column":20}},"23":{"start":{"line":52,"column":13},"end":{"line":52,"column":20}},"24":{"start":{"line":54,"column":4},"end":{"line":61,"column":5}},"25":{"start":{"line":55,"column":6},"end":{"line":55,"column":28}},"26":{"start":{"line":56,"column":11},"end":{"line":61,"column":5}},"27":{"start":{"line":57,"column":6},"end":{"line":57,"column":44}},"28":{"start":{"line":57,"column":37},"end":{"line":57,"column":44}},"29":{"start":{"line":58,"column":6},"end":{"line":58,"column":29}},"30":{"start":{"line":60,"column":6},"end":{"line":60,"column":25}},"31":{"start":{"line":63,"column":4},"end":{"line":84,"column":5}},"32":{"start":{"line":64,"column":21},"end":{"line":64,"column":48}},"33":{"start":{"line":65,"column":23},"end":{"line":65,"column":68}},"34":{"start":{"line":67,"column":6},"end":{"line":77,"column":7}},"35":{"start":{"line":68,"column":25},"end":{"line":68,"column":43}},"36":{"start":{"line":70,"column":8},"end":{"line":74,"column":9}},"37":{"start":{"line":71,"column":10},"end":{"line":71,"column":53}},"38":{"start":{"line":71,"column":29},"end":{"line":71,"column":51}},"39":{"start":{"line":73,"column":10},"end":{"line":73,"column":29}},"40":{"start":{"line":76,"column":8},"end":{"line":76,"column":43}},"41":{"start":{"line":79,"column":6},"end":{"line":79,"column":51}},"42":{"start":{"line":81,"column":6},"end":{"line":81,"column":26}},"43":{"start":{"line":82,"column":6},"end":{"line":82,"column":29}},"44":{"start":{"line":83,"column":6},"end":{"line":83,"column":30}},"45":{"start":{"line":87,"column":2},"end":{"line":94,"column":4}},"46":{"start":{"line":89,"column":6},"end":{"line":92,"column":7}},"47":{"start":{"line":90,"column":8},"end":{"line":90,"column":21}},"48":{"start":{"line":91,"column":8},"end":{"line":91,"column":21}},"49":{"start":{"line":96,"column":24},"end":{"line":99,"column":3}},"50":{"start":{"line":97,"column":4},"end":{"line":97,"column":17}},"51":{"start":{"line":98,"column":4},"end":{"line":98,"column":21}},"52":{"start":{"line":101,"column":25},"end":{"line":105,"column":3}},"53":{"start":{"line":102,"column":4},"end":{"line":104,"column":5}},"54":{"start":{"line":103,"column":6},"end":{"line":103,"column":30}},"55":{"start":{"line":107,"column":28},"end":{"line":109,"column":3}},"56":{"start":{"line":108,"column":4},"end":{"line":108,"column":43}},"57":{"start":{"line":108,"column":23},"end":{"line":108,"column":41}},"58":{"start":{"line":111,"column":28},"end":{"line":115,"column":3}},"59":{"start":{"line":112,"column":4},"end":{"line":114,"column":6}},"60":{"start":{"line":113,"column":6},"end":{"line":113,"column":75}},"61":{"start":{"line":113,"column":26},"end":{"line":113,"column":73}},"62":{"start":{"line":117,"column":28},"end":{"line":119,"column":3}},"63":{"start":{"line":118,"column":4},"end":{"line":118,"column":66}},"64":{"start":{"line":118,"column":23},"end":{"line":118,"column":64}},"65":{"start":{"line":118,"column":45},"end":{"line":118,"column":63}},"66":{"start":{"line":121,"column":27},"end":{"line":151,"column":3}},"67":{"start":{"line":122,"column":4},"end":{"line":150,"column":6}},"68":{"start":{"line":134,"column":12},"end":{"line":134,"column":36}},"69":{"start":{"line":135,"column":12},"end":{"line":146,"column":13}},"70":{"start":{"line":136,"column":31},"end":{"line":136,"column":61}},"71":{"start":{"line":137,"column":14},"end":{"line":139,"column":15}},"72":{"start":{"line":138,"column":16},"end":{"line":138,"column":30}},"73":{"start":{"line":142,"column":16},"end":{"line":142,"column":85}},"74":{"start":{"line":143,"column":14},"end":{"line":143,"column":45}},"75":{"start":{"line":145,"column":14},"end":{"line":145,"column":39}},"76":{"start":{"line":153,"column":21},"end":{"line":159,"column":3}},"77":{"start":{"line":154,"column":4},"end":{"line":158,"column":6}},"78":{"start":{"line":161,"column":23},"end":{"line":218,"column":3}},"79":{"start":{"line":162,"column":4},"end":{"line":217,"column":11}},"80":{"start":{"line":183,"column":27},"end":{"line":183,"column":50}},"81":{"start":{"line":209,"column":23},"end":{"line":209,"column":46}},"82":{"start":{"line":220,"column":22},"end":{"line":237,"column":3}},"83":{"start":{"line":221,"column":4},"end":{"line":221,"column":31}},"84":{"start":{"line":221,"column":19},"end":{"line":221,"column":31}},"85":{"start":{"line":223,"column":4},"end":{"line":236,"column":6}},"86":{"start":{"line":230,"column":25},"end":{"line":230,"column":48}},"87":{"start":{"line":239,"column":23},"end":{"line":247,"column":3}},"88":{"start":{"line":240,"column":4},"end":{"line":240,"column":36}},"89":{"start":{"line":240,"column":24},"end":{"line":240,"column":36}},"90":{"start":{"line":242,"column":4},"end":{"line":246,"column":6}},"91":{"start":{"line":249,"column":2},"end":{"line":255,"column":3}},"92":{"start":{"line":250,"column":4},"end":{"line":254,"column":6}},"93":{"start":{"line":257,"column":2},"end":{"line":295,"column":4}},"94":{"start":{"line":262,"column":32},"end":{"line":262,"column":39}},"95":{"start":{"line":280,"column":23},"end":{"line":280,"column":47}},"96":{"start":{"line":290,"column":25},"end":{"line":290,"column":49}},"97":{"start":{"line":298,"column":15},"end":{"line":451,"column":2}}},"fnMap":{"0":{"name":"GroupDetailScreen","decl":{"start":{"line":21,"column":24},"end":{"line":21,"column":41}},"loc":{"start":{"line":21,"column":44},"end":{"line":296,"column":1}},"line":21},"1":{"name":"(anonymous_1)","decl":{"start":{"line":38,"column":21},"end":{"line":38,"column":22}},"loc":{"start":{"line":38,"column":33},"end":{"line":49,"column":3}},"line":38},"2":{"name":"(anonymous_2)","decl":{"start":{"line":51,"column":21},"end":{"line":51,"column":22}},"loc":{"start":{"line":51,"column":68},"end":{"line":85,"column":3}},"line":51},"3":{"name":"(anonymous_3)","decl":{"start":{"line":71,"column":19},"end":{"line":71,"column":20}},"loc":{"start":{"line":71,"column":29},"end":{"line":71,"column":51}},"line":71},"4":{"name":"(anonymous_4)","decl":{"start":{"line":88,"column":16},"end":{"line":88,"column":17}},"loc":{"start":{"line":88,"column":22},"end":{"line":93,"column":5}},"line":88},"5":{"name":"(anonymous_5)","decl":{"start":{"line":96,"column":24},"end":{"line":96,"column":25}},"loc":{"start":{"line":96,"column":30},"end":{"line":99,"column":3}},"line":96},"6":{"name":"(anonymous_6)","decl":{"start":{"line":101,"column":25},"end":{"line":101,"column":26}},"loc":{"start":{"line":101,"column":31},"end":{"line":105,"column":3}},"line":101},"7":{"name":"(anonymous_7)","decl":{"start":{"line":107,"column":28},"end":{"line":107,"column":29}},"loc":{"start":{"line":107,"column":52},"end":{"line":109,"column":3}},"line":107},"8":{"name":"(anonymous_8)","decl":{"start":{"line":108,"column":13},"end":{"line":108,"column":14}},"loc":{"start":{"line":108,"column":23},"end":{"line":108,"column":41}},"line":108},"9":{"name":"(anonymous_9)","decl":{"start":{"line":111,"column":28},"end":{"line":111,"column":29}},"loc":{"start":{"line":111,"column":56},"end":{"line":115,"column":3}},"line":111},"10":{"name":"(anonymous_10)","decl":{"start":{"line":112,"column":13},"end":{"line":112,"column":14}},"loc":{"start":{"line":113,"column":6},"end":{"line":113,"column":75}},"line":113},"11":{"name":"(anonymous_11)","decl":{"start":{"line":113,"column":15},"end":{"line":113,"column":16}},"loc":{"start":{"line":113,"column":26},"end":{"line":113,"column":73}},"line":113},"12":{"name":"(anonymous_12)","decl":{"start":{"line":117,"column":28},"end":{"line":117,"column":29}},"loc":{"start":{"line":117,"column":48},"end":{"line":119,"column":3}},"line":117},"13":{"name":"(anonymous_13)","decl":{"start":{"line":118,"column":13},"end":{"line":118,"column":14}},"loc":{"start":{"line":118,"column":23},"end":{"line":118,"column":64}},"line":118},"14":{"name":"(anonymous_14)","decl":{"start":{"line":118,"column":35},"end":{"line":118,"column":36}},"loc":{"start":{"line":118,"column":45},"end":{"line":118,"column":63}},"line":118},"15":{"name":"(anonymous_15)","decl":{"start":{"line":121,"column":27},"end":{"line":121,"column":28}},"loc":{"start":{"line":121,"column":39},"end":{"line":151,"column":3}},"line":121},"16":{"name":"(anonymous_16)","decl":{"start":{"line":133,"column":19},"end":{"line":133,"column":20}},"loc":{"start":{"line":133,"column":31},"end":{"line":147,"column":11}},"line":133},"17":{"name":"(anonymous_17)","decl":{"start":{"line":153,"column":21},"end":{"line":153,"column":22}},"loc":{"start":{"line":154,"column":4},"end":{"line":158,"column":6}},"line":154},"18":{"name":"(anonymous_18)","decl":{"start":{"line":161,"column":23},"end":{"line":161,"column":24}},"loc":{"start":{"line":162,"column":4},"end":{"line":217,"column":11}},"line":162},"19":{"name":"(anonymous_19)","decl":{"start":{"line":183,"column":21},"end":{"line":183,"column":22}},"loc":{"start":{"line":183,"column":27},"end":{"line":183,"column":50}},"line":183},"20":{"name":"(anonymous_20)","decl":{"start":{"line":209,"column":17},"end":{"line":209,"column":18}},"loc":{"start":{"line":209,"column":23},"end":{"line":209,"column":46}},"line":209},"21":{"name":"(anonymous_21)","decl":{"start":{"line":220,"column":22},"end":{"line":220,"column":23}},"loc":{"start":{"line":220,"column":28},"end":{"line":237,"column":3}},"line":220},"22":{"name":"(anonymous_22)","decl":{"start":{"line":230,"column":19},"end":{"line":230,"column":20}},"loc":{"start":{"line":230,"column":25},"end":{"line":230,"column":48}},"line":230},"23":{"name":"(anonymous_23)","decl":{"start":{"line":239,"column":23},"end":{"line":239,"column":24}},"loc":{"start":{"line":239,"column":29},"end":{"line":247,"column":3}},"line":239},"24":{"name":"(anonymous_24)","decl":{"start":{"line":262,"column":22},"end":{"line":262,"column":23}},"loc":{"start":{"line":262,"column":32},"end":{"line":262,"column":39}},"line":262},"25":{"name":"(anonymous_25)","decl":{"start":{"line":280,"column":17},"end":{"line":280,"column":18}},"loc":{"start":{"line":280,"column":23},"end":{"line":280,"column":47}},"line":280},"26":{"name":"(anonymous_26)","decl":{"start":{"line":290,"column":19},"end":{"line":290,"column":20}},"loc":{"start":{"line":290,"column":25},"end":{"line":290,"column":49}},"line":290}},"branchMap":{"0":{"loc":{"start":{"line":41,"column":6},"end":{"line":43,"column":7}},"type":"if","locations":[{"start":{"line":41,"column":6},"end":{"line":43,"column":7}},{"start":{},"end":{}}],"line":41},"1":{"loc":{"start":{"line":41,"column":10},"end":{"line":41,"column":53}},"type":"binary-expr","locations":[{"start":{"line":41,"column":10},"end":{"line":41,"column":31}},{"start":{"line":41,"column":35},"end":{"line":41,"column":53}}],"line":41},"2":{"loc":{"start":{"line":51,"column":28},"end":{"line":51,"column":45}},"type":"default-arg","locations":[{"start":{"line":51,"column":40},"end":{"line":51,"column":45}}],"line":51},"3":{"loc":{"start":{"line":51,"column":47},"end":{"line":51,"column":63}},"type":"default-arg","locations":[{"start":{"line":51,"column":58},"end":{"line":51,"column":63}}],"line":51},"4":{"loc":{"start":{"line":52,"column":4},"end":{"line":52,"column":20}},"type":"if","locations":[{"start":{"line":52,"column":4},"end":{"line":52,"column":20}},{"start":{},"end":{}}],"line":52},"5":{"loc":{"start":{"line":54,"column":4},"end":{"line":61,"column":5}},"type":"if","locations":[{"start":{"line":54,"column":4},"end":{"line":61,"column":5}},{"start":{"line":56,"column":11},"end":{"line":61,"column":5}}],"line":54},"6":{"loc":{"start":{"line":56,"column":11},"end":{"line":61,"column":5}},"type":"if","locations":[{"start":{"line":56,"column":11},"end":{"line":61,"column":5}},{"start":{"line":59,"column":11},"end":{"line":61,"column":5}}],"line":56},"7":{"loc":{"start":{"line":57,"column":6},"end":{"line":57,"column":44}},"type":"if","locations":[{"start":{"line":57,"column":6},"end":{"line":57,"column":44}},{"start":{},"end":{}}],"line":57},"8":{"loc":{"start":{"line":57,"column":10},"end":{"line":57,"column":35}},"type":"binary-expr","locations":[{"start":{"line":57,"column":10},"end":{"line":57,"column":23}},{"start":{"line":57,"column":27},"end":{"line":57,"column":35}}],"line":57},"9":{"loc":{"start":{"line":64,"column":21},"end":{"line":64,"column":48}},"type":"cond-expr","locations":[{"start":{"line":64,"column":32},"end":{"line":64,"column":44}},{"start":{"line":64,"column":47},"end":{"line":64,"column":48}}],"line":64},"10":{"loc":{"start":{"line":67,"column":6},"end":{"line":77,"column":7}},"type":"if","locations":[{"start":{"line":67,"column":6},"end":{"line":77,"column":7}},{"start":{},"end":{}}],"line":67},"11":{"loc":{"start":{"line":67,"column":10},"end":{"line":67,"column":53}},"type":"binary-expr","locations":[{"start":{"line":67,"column":10},"end":{"line":67,"column":31}},{"start":{"line":67,"column":35},"end":{"line":67,"column":53}}],"line":67},"12":{"loc":{"start":{"line":70,"column":8},"end":{"line":74,"column":9}},"type":"if","locations":[{"start":{"line":70,"column":8},"end":{"line":74,"column":9}},{"start":{"line":72,"column":15},"end":{"line":74,"column":9}}],"line":70},"13":{"loc":{"start":{"line":89,"column":6},"end":{"line":92,"column":7}},"type":"if","locations":[{"start":{"line":89,"column":6},"end":{"line":92,"column":7}},{"start":{},"end":{}}],"line":89},"14":{"loc":{"start":{"line":102,"column":4},"end":{"line":104,"column":5}},"type":"if","locations":[{"start":{"line":102,"column":4},"end":{"line":104,"column":5}},{"start":{},"end":{}}],"line":102},"15":{"loc":{"start":{"line":102,"column":8},"end":{"line":102,"column":33
[...]
,"column":8}},"16":{"start":{"line":51,"column":22},"end":{"line":51,"column":40}},"17":{"start":{"line":52,"column":6},"end":{"line":56,"column":7}},"18":{"start":{"line":53,"column":8},"end":{"line":55,"column":12}},"19":{"start":{"line":53,"column":24},"end":{"line":55,"column":9}},"20":{"start":{"line":58,"column":6},"end":{"line":58,"column":42}},"21":{"start":{"line":60,"column":6},"end":{"line":60,"column":18}},"22":{"start":{"line":65,"column":4},"end":{"line":74,"column":5}},"23":{"start":{"line":66,"column":6},"end":{"line":66,"column":35}},"24":{"start":{"line":69,"column":6},"end":{"line":71,"column":10}},"25":{"start":{"line":69,"column":22},"end":{"line":71,"column":7}},"26":{"start":{"line":70,"column":41},"end":{"line":70,"column":52}},"27":{"start":{"line":73,"column":6},"end":{"line":73,"column":18}},"28":{"start":{"line":78,"column":4},"end":{"line":78,"column":23}}},"fnMap":{"0":{"name":"(anonymous_0)","decl":{"start":{"line":16,"column":46},"end":{"line":16,"column":47}},"loc":{"start":{"line":16,"column":61},"end":{"line":80,"column":1}},"line":16},"1":{"name":"(anonymous_1)","decl":{"start":{"line":20,"column":23},"end":{"line":20,"column":24}},"loc":{"start":{"line":20,"column":52},"end":{"line":29,"column":3}},"line":20},"2":{"name":"(anonymous_2)","decl":{"start":{"line":31,"column":21},"end":{"line":31,"column":22}},"loc":{"start":{"line":31,"column":48},"end":{"line":40,"column":3}},"line":31},"3":{"name":"(anonymous_3)","decl":{"start":{"line":42,"column":14},"end":{"line":42,"column":15}},"loc":{"start":{"line":42,"column":79},"end":{"line":62,"column":3}},"line":42},"4":{"name":"(anonymous_4)","decl":{"start":{"line":53,"column":12},"end":{"line":53,"column":13}},"loc":{"start":{"line":53,"column":24},"end":{"line":55,"column":9}},"line":53},"5":{"name":"(anonymous_5)","decl":{"start":{"line":64,"column":14},"end":{"line":64,"column":15}},"loc":{"start":{"line":64,"column":36},"end":{"line":75,"column":3}},"line":64},"6":{"name":"(anonymous_6)","decl":{"start":{"line":69,"column":10},"end":{"line":69,"column":11}},"loc":{"start":{"line":69,"column":22},"end":{"line":71,"column":7}},"line":69},"7":{"name":"(anonymous_7)","decl":{"start":{"line":70,"column":34},"end":{"line":70,"column":35}},"loc":{"start":{"line":70,"column":41},"end":{"line":70,"column":52}},"line":70},"8":{"name":"(anonymous_8)","decl":{"start":{"line":77,"column":14},"end":{"line":77,"column":15}},"loc":{"start":{"line":77,"column":20},"end":{"line":79,"column":3}},"line":77}},"branchMap":{"0":{"loc":{"start":{"line":24,"column":19},"end":{"line":24,"column":43}},"type":"binary-expr","locations":[{"start":{"line":24,"column":19},"end":{"line":24,"column":37}},{"start":{"line":24,"column":41},"end":{"line":24,"column":43}}],"line":24},"1":{"loc":{"start":{"line":35,"column":19},"end":{"line":35,"column":43}},"type":"binary-expr","locations":[{"start":{"line":35,"column":19},"end":{"line":35,"column":37}},{"start":{"line":35,"column":41},"end":{"line":35,"column":43}}],"line":35},"2":{"loc":{"start":{"line":52,"column":6},"end":{"line":56,"column":7}},"type":"if","locations":[{"start":{"line":52,"column":6},"end":{"line":56,"column":7}},{"start":{},"end":{}}],"line":52},"3":{"loc":{"start":{"line":58,"column":13},"end":{"line":58,"column":41}},"type":"binary-expr","locations":[{"start":{"line":58,"column":13},"end":{"line":58,"column":20}},{"start":{"line":58,"column":25},"end":{"line":58,"column":40}}],"line":58}},"s":{"0":1,"1":1,"2":0,"3":0,"4":0,"5":0,"6":0,"7":0,"8":0,"9":0,"10":0,"11":0,"12":0,"13":0,"14":0,"15":0,"16":0,"17":0,"18":0,"19":0,"20":0,"21":0,"22":0,"23":0,"24":0,"25":0,"26":0,"27":0,"28":1},"f":{"0":1,"1":0,"2":0,"3":0,"4":0,"5":0,"6":0,"7":0,"8":1},"b":{"0":[0,0],"1":[0,0],"2":[0,0],"3":[0,0]},"_coverageSchema":"1a1c01bbd47fc00a2c39e90264f33305004495a9","hash":"520474cff77157635d4ba4302a629406df64a47a"}
,"/Users/sarvadhisolution/Desktop/React-native/sarvadhi-community/src/store/socket.store.ts": {"path":"/Users/sarvadhisolution/Desktop/React-native/sarvadhi-community/src/store/socket.store.ts","statementMap":{"0":{"start":{"line":7,"column":21},"end":{"line":13,"column":1}},"1":{"start":{"line":8,"column":2},"end":{"line":11,"column":3}},"2":{"start":{"line":10,"column":4},"end":{"line":10,"column":35}},"3":{"start":{"line":12,"column":2},"end":{"line":12,"column":36}},"4":{"start":{"line":30,"column":30},"end":{"line":230,"column":3}},"5":{"start":{"line":30,"column":65},"end":{"line":230,"column":1}},"6":{"start":{"line":45,"column":23},"end":{"line":45,"column":28}},"7":{"start":{"line":48,"column":4},"end":{"line":50,"column":5}},"8":{"start":{"line":49,"column":6},"end":{"line":49,"column":13}},"9":{"start":{"line":52,"column":4},"end":{"line":52,"column":45}},"10":{"start":{"line":54,"column":4},"end":{"line":125,"column":5}},"11":{"start":{"line":56,"column":20},"end":{"line":56,"column":71}},"12":{"start":{"line":58,"column":6},"end":{"line":64,"column":7}},"13":{"start":{"line":59,"column":8},"end":{"line":62,"column":11}},"14":{"start":{"line":63,"column":8},"end":{"line":63,"column":15}},"15":{"start":{"line":67,"column":24},"end":{"line":76,"column":8}},"16":{"start":{"line":79,"column":6},"end":{"line":87,"column":9}},"17":{"start":{"line":80,"column":8},"end":{"line":80,"column":57}},"18":{"start":{"line":81,"column":8},"end":{"line":86,"column":11}},"19":{"start":{"line":90,"column":6},"end":{"line":96,"column":9}},"20":{"start":{"line":91,"column":8},"end":{"line":91,"column":59}},"21":{"start":{"line":92,"column":8},"end":{"line":95,"column":11}},"22":{"start":{"line":99,"column":6},"end":{"line":104,"column":9}},"23":{"start":{"line":100,"column":8},"end":{"line":100,"column":54}},"24":{"start":{"line":101,"column":8},"end":{"line":103,"column":11}},"25":{"start":{"line":107,"column":6},"end":{"line":115,"column":9}},"26":{"start":{"line":108,"column":8},"end":{"line":108,"column":55}},"27":{"start":{"line":109,"column":8},"end":{"line":113,"column":11}},"28":{"start":{"line":114,"column":8},"end":{"line":114,"column":31}},"29":{"start":{"line":117,"column":6},"end":{"line":117,"column":33}},"30":{"start":{"line":119,"column":22},"end":{"line":119,"column":66}},"31":{"start":{"line":120,"column":6},"end":{"line":120,"column":59}},"32":{"start":{"line":121,"column":6},"end":{"line":124,"column":9}},"33":{"start":{"line":135,"column":23},"end":{"line":135,"column":28}},"34":{"start":{"line":137,"column":4},"end":{"line":139,"column":5}},"35":{"start":{"line":138,"column":6},"end":{"line":138,"column":13}},"36":{"start":{"line":141,"column":4},"end":{"line":154,"column":5}},"37":{"start":{"line":142,"column":6},"end":{"line":142,"column":26}},"38":{"start":{"line":143,"column":6},"end":{"line":147,"column":9}},"39":{"start":{"line":149,"column":6},"end":{"line":149,"column":57}},"40":{"start":{"line":150,"column":6},"end":{"line":153,"column":9}},"41":{"start":{"line":165,"column":23},"end":{"line":165,"column":28}},"42":{"start":{"line":167,"column":4},"end":{"line":170,"column":5}},"43":{"start":{"line":168,"column":6},"end":{"line":168,"column":66}},"44":{"start":{"line":169,"column":6},"end":{"line":169,"column":13}},"45":{"start":{"line":172,"column":4},"end":{"line":180,"column":5}},"46":{"start":{"line":173,"column":6},"end":{"line":177,"column":7}},"47":{"start":{"line":174,"column":8},"end":{"line":174,"column":33}},"48":{"start":{"line":176,"column":8},"end":{"line":176,"column":27}},"49":{"start":{"line":179,"column":6},"end":{"line":179,"column":58}},"50":{"start":{"line":191,"column":23},"end":{"line":191,"column":28}},"51":{"start":{"line":193,"column":4},"end":{"line":196,"column":5}},"52":{"start":{"line":194,"column":6},"end":{"line":194,"column":54}},"53":{"start":{"line":195,"column":6},"end":{"line":195,"column":13}},"54":{"start":{"line":198,"column":4},"end":{"line":202,"column":5}},"55":{"start":{"line":199,"column":6},"end":{"line":199,"column":33}},"56":{"start":{"line":201,"column":6},"end":{"line":201,"column":58}},"57":{"start":{"line":213,"column":23},"end":{"line":213,"column":28}},"58":{"start":{"line":215,"column":4},"end":{"line":218,"column":5}},"59":{"start":{"line":216,"column":6},"end":{"line":216,"column":54}},"60":{"start":{"line":217,"column":6},"end":{"line":217,"column":13}},"61":{"start":{"line":220,"column":4},"end":{"line":228,"column":5}},"62":{"start":{"line":221,"column":6},"end":{"line":225,"column":7}},"63":{"start":{"line":222,"column":8},"end":{"line":222,"column":36}},"64":{"start":{"line":224,"column":8},"end":{"line":224,"column":26}},"65":{"start":{"line":227,"column":6},"end":{"line":227,"column":59}}},"fnMap":{"0":{"name":"(anonymous_0)","decl":{"start":{"line":7,"column":21},"end":{"line":7,"column":22}},"loc":{"start":{"line":7,"column":35},"end":{"line":13,"column":1}},"line":7},"1":{"name":"(anonymous_1)","decl":{"start":{"line":30,"column":50},"end":{"line":30,"column":51}},"loc":{"start":{"line":30,"column":65},"end":{"line":230,"column":1}},"line":30},"2":{"name":"(anonymous_2)","decl":{"start":{"line":44,"column":11},"end":{"line":44,"column":12}},"loc":{"start":{"line":44,"column":23},"end":{"line":126,"column":3}},"line":44},"3":{"name":"(anonymous_3)","decl":{"start":{"line":79,"column":30},"end":{"line":79,"column":31}},"loc":{"start":{"line":79,"column":36},"end":{"line":87,"column":7}},"line":79},"4":{"name":"(anonymous_4)","decl":{"start":{"line":90,"column":36},"end":{"line":90,"column":37}},"loc":{"start":{"line":90,"column":52},"end":{"line":96,"column":7}},"line":90},"5":{"name":"(anonymous_5)","decl":{"start":{"line":99,"column":33},"end":{"line":99,"column":34}},"loc":{"start":{"line":99,"column":53},"end":{"line":104,"column":7}},"line":99},"6":{"name":"(anonymous_6)","decl":{"start":{"line":107,"column":35},"end":{"line":107,"column":36}},"loc":{"start":{"line":107,"column":51},"end":{"line":115,"column":7}},"line":107},"7":{"name":"(anonymous_7)","decl":{"start":{"line":134,"column":14},"end":{"line":134,"column":15}},"loc":{"start":{"line":134,"column":26},"end":{"line":155,"column":3}},"line":134},"8":{"name":"(anonymous_8)","decl":{"start":{"line":164,"column":8},"end":{"line":164,"column":9}},"loc":{"start":{"line":164,"column":39},"end":{"line":181,"column":3}},"line":164},"9":{"name":"(anonymous_9)","decl":{"start":{"line":190,"column":6},"end":{"line":190,"column":7}},"loc":{"start":{"line":190,"column":56},"end":{"line":203,"column":3}},"line":190},"10":{"name":"(anonymous_10)","decl":{"start":{"line":212,"column":7},"end":{"line":212,"column":8}},"loc":{"start":{"line":212,"column":58},"end":{"line":229,"column":3}},"line":212}},"branchMap":{"0":{"loc":{"start":{"line":8,"column":2},"end":{"line":11,"column":3}},"type":"if","locations":[{"start":{"line":8,"column":2},"end":{"line":11,"column":3}},{"start":{},"end":{}}],"line":8},"1":{"loc":{"start":{"line":48,"column":4},"end":{"line":50,"column":5}},"type":"if","locations":[{"start":{"line":48,"column":4},"end":{"line":50,"column":5}},{"start":{},"end":{}}],"line":48},"2":{"loc":{"start":{"line":48,"column":8},"end":{"line":48,"column":47}},"type":"binary-expr","locations":[{"start":{"line":48,"column":8},"end":{"line":48,"column":25}},{"start":{"line":48,"column":29},"end":{"line":48,"column":47}}],"line":48},"3":{"loc":{"start":{"line":58,"column":6},"end":{"line":64,"column":7}},"type":"if","locations":[{"start":{"line":58,"column":6},"end":{"line":64,"column":7}},{"start":{},"end":{}}],"line":58},"4":{"loc":{"start":{"line":93,"column":17},"end":{"line":93,"column":54}},"type":"binary-expr","locations":[{"start":{"line":93,"column":17},"end":{"line":93,"column":31}},{"start":{"line":93,"column":35},"end":{"line":93,"column":54}}],"line":93},"5":{"loc":{"start":{"line":119,"column":22},"end":{"line":119,"column":66}},"type":"binary-expr","locations":[{"start":{"line":119,"column":22},"end":{"line":119,"column":36}},{"start":{"line":119,"column":40},"end":{"line":119,"column":66}}],"line":119},"6":{"loc":{"start":{"line":137,"column":4},"end":{"line":139,"column":5}},"type":"if","locations":[{"start":{"line":137,"column":4},"end":{"line":139,"column":5}},{"start":{},"end":{}}],"line":137},"7":{"loc":{"start":{"line":167,"column":4},"end":{"line":170,"column":5}},"type":"if","locations":[{"start":{"line":167,"column":4},"end":{"line":170,"column":5}},{"start":{},"end":{}}],"line":167},"8":{"loc":{"start":{"line":173,"column":6},"end":{"line":177,"column":7}},"type":"if","locations":[{"start":{"line":173,"column":6},"end":{"line":177,"column":7}},{"start":{"line":175,"column":13},"end":{"line":177,"column":7}}],"line":173},"9":{"loc":{"start":{"line":193,"column":4},"end":{"line":196,"column":5}},"type":"if","locations":[{"start":{"line":193,"column":4},"end":{"line":196,"column":5}},{"start":{},"end":{}}],"line":193},"10":{"loc":{"start":{"line":215,"column":4},"end":{"line":218,"column":5}},"type":"if","locations":[{"start":{"line":215,"column":4},"end":{"line":218,"column":5}},{"start":{},"end":{}}],"line":215},"11":{"loc":{"start":{"line":221,"column":6},"end":{"line":225,"column":7}},"type":"if","locations":[{"start":{"line":221,"column":6},"end":{"line":225,"column":7}},{"start":{"line":223,"column":13},"end":{"line":225,"column":7}}],"line":221}},"s":{"0":0,"1":0,"2":0,"3":0,"4":0,"5":0,"6":0,"7":0,"8":0,"9":0,"10":0,"11":0,"12":0,"13":0,"14":0,"15":0,"16":0,"17":0,"18":0,"19":0,"20":0,"21":0,"22":0,"23":0,"24":0,"25":0,"26":0,"27":0,"28":0,"29":0,"30":0,"31":0,"32":0,"33":0,"34":0,"35":0,"36":0,"37":0,"38":0,"39":0,"40":0,"41":0,"42":0,"43":0,"44":0,"45":0,"46":0,"47":0,"48":0,"49":0,"50":0,"51":0,"52":0,"53":0,"54":0,"55":0,"56":0,"57":0,"58":0,"59":0,"60":0,"61":0,"62":0,"63":0,"64":0,"65":0},"f":{"0":0,"1":0,"2":0,"3":0,"4":0,"5":0,"6":0,"7":0,"8":0,"9":0,"10":0},"b":{"0":[0,0],"1":[0,0],"2":[0,0],"3":[0,0],"4":[0,0],"5":[0,0],"6":[0,0],"7":[0,0],"8":[0,0],"9":[0,0],"10":[0,0],"11":[0,0]}}
,"/Users/sarvadhisolution/Desktop/React-native/sarvadhi-community/src/types/channel.ts": {"path":"/Users/sarvadhisolution/Desktop/React-native/sarvadhi-community/src/types/channel.ts","statementMap":{},"fnMap":{},"branchMap":{},"s":{},"f":{},"b":{}}
,"/Users/sarvadhisolution/Desktop/React-native/sarvadhi-community/src/types/post.ts": {"path":"/Users/sarvadhisolution/Desktop/React-native/sarvadhi-community/src/types/post.ts","statementMap":{},"fnMap":{},"branchMap":{},"s":{},"f":{},"b":{}}
,"/Users/sarvadhisolution/Desktop/React-native/sarvadhi-community/src/utils/date.ts": {"path":"/Users/sarvadhisolution/Desktop/React-native/sarvadhi-community/src/utils/date.ts","statementMap":{"0":{"start":{"line":9,"column":33},"end":{"line":32,"column":1}},"1":{"start":{"line":10,"column":22},"end":{"line":10,"column":36}},"2":{"start":{"line":11,"column":16},"end":{"line":11,"column":26}},"3":{"start":{"line":14,"column":2},"end":{"line":25,"column":3}},"4":{"start":{"line":20,"column":4},"end":{"line":24,"column":7}},"5":{"start":{"line":28,"column":2},"end":{"line":31,"column":5}},"6":{"start":{"line":38,"column":38},"end":{"line":70,"column":1}},"7":{"start":{"line":39,"column":22},"end":{"line":39,"column":36}},"8":{"start":{"line":40,"column":14},"end":{"line":40,"column":24}},"9":{"start":{"line":41,"column":17},"end":{"line":41,"column":54}},"10":{"start":{"line":42,"column":19},"end":{"line":42,"column":45}},"11":{"start":{"line":43,"column":20},"end":{"line":43,"column":48}},"12":{"start":{"line":44,"column":19},"end":{"line":44,"column":48}},"13":{"start":{"line":46,"column":2},"end":{"line":48,"column":3}},"14":{"start":{"line":47,"column":4},"end":{"line":47,"column":22}},"15":{"start":{"line":50,"column":2},"end":{"line":52,"column":3}},"16":{"start":{"line":51,"column":4},"end":{"line":51,"column":30}},"17":{"start":{"line":54,"column":2},"end":{"line":60,"column":3}},"18":{"start":{"line":55,"column":4},"end":{"line":59,"column":7}},"19":{"start":{"line":62,"column":2},"end":{"line":64,"column":3}},"20":{"start":{"line":63,"column":4},"end":{"line":63,"column":30}},"21":{"start":{"line":66,"column":2},"end":{"line":69,"column":5}},"22":{"start":{"line":75,"column":42},"end":{"line":104,"column":1}},"23":{"start":{"line":76,"column":22},"end":{"line":76,"column":36}},"24":{"start":{"line":77,"column":16},"end":{"line":77,"column":26}},"25":{"start":{"line":78,"column":20},"end":{"line":78,"column":35}},"26":{"start":{"line":79,"column":2},"end":{"line":79,"column":45}},"27":{"start":{"line":82,"column":2},"end":{"line":88,"column":3}},"28":{"start":{"line":87,"column":4},"end":{"line":87,"column":19}},"29":{"start":{"line":91,"column":2},"end":{"line":97,"column":3}},"30":{"start":{"line":96,"column":4},"end":{"line":96,"column":23}},"31":{"start":{"line":100,"column":2},"end":{"line":103,"column":5}}},"fnMap":{"0":{"name":"(anonymous_0)","decl":{"start":{"line":9,"column":33},"end":{"line":9,"column":34}},"loc":{"start":{"line":9,"column":59},"end":{"line":32,"column":1}},"line":9},"1":{"name":"(anonymous_1)","decl":{"start":{"line":38,"column":38},"end":{"line":38,"column":39}},"loc":{"start":{"line":38,"column":64},"end":{"line":70,"column":1}},"line":38},"2":{"name":"(anonymous_2)","decl":{"start":{"line":75,"column":42},"end":{"line":75,"column":43}},"loc":{"start":{"line":75,"column":68},"end":{"line":104,"column":1}},"line":75}},"branchMap":{"0":{"loc":{"start":{"line":14,"column":2},"end":{"line":25,"column":3}},"type":"if","locations":[{"start":{"line":14,"column":2},"end":{"line":25,"column":3}},{"start":{},"end":{}}],"line":14},"1":{"loc":{"start":{"line":15,"column":4},"end":{"line":17,"column":45}},"type":"binary-expr","locations":[{"start":{"line":15,"column":4},"end":{"line":15,"column":53}},{"start":{"line":16,"column":4},"end":{"line":16,"column":47}},{"start":{"line":17,"column":4},"end":{"line":17,"column":45}}],"line":15},"2":{"loc":{"start":{"line":46,"column":2},"end":{"line":48,"column":3}},"type":"if","locations":[{"start":{"line":46,"column":2},"end":{"line":48,"column":3}},{"start":{},"end":{}}],"line":46},"3":{"loc":{"start":{"line":50,"column":2},"end":{"line":52,"column":3}},"type":"if","locations":[{"start":{"line":50,"column":2},"end":{"line":52,"column":3}},{"start":{},"end":{}}],"line":50},"4":{"loc":{"start":{"line":54,"column":2},"end":{"line":60,"column":3}},"type":"if","locations":[{"start":{"line":54,"column":2},"end":{"line":60,"column":3}},{"start":{},"end":{}}],"line":54},"5":{"loc":{"start":{"line":62,"column":2},"end":{"line":64,"column":3}},"type":"if","locations":[{"start":{"line":62,"column":2},"end":{"line":64,"column":3}},{"start":{},"end":{}}],"line":62},"6":{"loc":{"start":{"line":82,"column":2},"end":{"line":88,"column":3}},"type":"if","locations":[{"start":{"line":82,"column":2},"end":{"line":88,"column":3}},{"start":{},"end":{}}],"line":82},"7":{"loc":{"start":{"line":83,"column":4},"end":{"line":85,"column":45}},"type":"binary-expr","locations":[{"start":{"line":83,"column":4},"end":{"line":83,"column":53}},{"start":{"line":84,"column":4},"end":{"line":84,"column":47}},{"start":{"line":85,"column":4},"end":{"line":85,"column":45}}],"line":83},"8":{"loc":{"start":{"line":91,"column":2},"end":{"line":97,"column":3}},"type":"if","locations":[{"start":{"line":91,"column":2},"end":{"line":97,"column":3}},{"start":{},"end":{}}],"line":91},"9":{"loc":{"start":{"line":92,"column":4},"end":{"line":94,"column":49}},"type":"binary-expr","locations":[{"start":{"line":92,"column":4},"end":{"line":92,"column":57}},{"start":{"line":93,"column":4},"end":{"line":93,"column":51}},{"start":{"line":94,"column":4},"end":{"line":94,"column":49}}],"line":92}},"s":{"0":0,"1":0,"2":0,"3":0,"4":0,"5":0,"6":0,"7":0,"8":0,"9":0,"10":0,"11":0,"12":0,"13":0,"14":0,"15":0,"16":0,"17":0,"18":0,"19":0,"20":0,"21":0,"22":0,"23":0,"24":0,"25":0,"26":0,"27":0,"28":0,"29":0,"30":0,"31":0},"f":{"0":0,"1":0,"2":0},"b":{"0":[0,0],"1":[0,0,0],"2":[0,0],"3":[0,0],"4":[0,0],"5":[0,0],"6":[0,0],"7":[0,0,0],"8":[0,0],"9":[0,0,0]}}
}
